2017-05-31 14:17:50,500 [ INFO] - Выбор расс...
2017-05-31 14:17:50,510 [ INFO] - ======================================================
2017-05-31 14:17:50,510 [ INFO] - HUMAN против UNDEAD
2017-05-31 14:17:50,510 [ INFO] - ======================================================
2017-05-31 14:17:50,510 [ INFO] - Создание отряда HUMAN
2017-05-31 14:17:50,510 [ INFO] - Создан Human MAG
2017-05-31 14:17:50,510 [ INFO] - Создан Human Crossbowman1
2017-05-31 14:17:50,510 [ INFO] - Создан Human Crossbowman2
2017-05-31 14:17:50,510 [ INFO] - Создан Human Crossbowman3
2017-05-31 14:17:50,510 [ INFO] - Создан Human WARRIOR1
2017-05-31 14:17:50,510 [ INFO] - Создан Human WARRIOR2
2017-05-31 14:17:50,510 [ INFO] - Создан Human WARRIOR3
2017-05-31 14:17:50,510 [ INFO] - Создан Human WARRIOR4
2017-05-31 14:17:50,510 [ INFO] - ======================================================
2017-05-31 14:17:50,510 [ INFO] - Создание отряда UNDEAD
2017-05-31 14:17:50,520 [ INFO] - Создан Undead Necromancer
2017-05-31 14:17:50,520 [ INFO] - Создан Undead Hunter1
2017-05-31 14:17:50,520 [ INFO] - Создан Undead Hunter2
2017-05-31 14:17:50,520 [ INFO] - Создан Undead Hunter3
2017-05-31 14:17:50,520 [ INFO] - Создан Undead Zombie1
2017-05-31 14:17:50,520 [ INFO] - Создан Undead Zombie2
2017-05-31 14:17:50,520 [ INFO] - Создан Undead Zombie3
2017-05-31 14:17:50,520 [ INFO] - Создан Undead Zombie4
2017-05-31 14:17:50,520 [ INFO] - ======================================================
2017-05-31 14:17:50,520 [ INFO] - Атака 1-я. Атакует отряд HUMAN
2017-05-31 14:17:50,520 [ INFO] - ======================================================
2017-05-31 14:17:50,520 [ INFO] - Ход 1-й 
2017-05-31 14:17:50,520 [ INFO] - Human Crossbowman2 атаковал Undead Zombie2 урон: 3
2017-05-31 14:17:50,520 [ INFO] - Ход 2-й 
2017-05-31 14:17:50,520 [ INFO] - Human Crossbowman3 пронзил стрелой Undead Zombie3 урон: 5
2017-05-31 14:17:50,520 [ INFO] - Ход 3-й 
2017-05-31 14:17:50,520 [ INFO] - Human WARRIOR3 атаковал мечом Undead Zombie1 урон: 18
2017-05-31 14:17:50,520 [ INFO] - Ход 4-й 
2017-05-31 14:17:50,520 [ INFO] - Human MAG атаковал магией Undead Hunter3 урон: 4
2017-05-31 14:17:50,520 [ INFO] - Ход 5-й 
2017-05-31 14:17:50,520 [ INFO] - Human WARRIOR2 атаковал мечом Undead Hunter3 урон: 18
2017-05-31 14:17:50,520 [ INFO] - Ход 6-й 
2017-05-31 14:17:50,520 [ INFO] - Human WARRIOR4 атаковал мечом Undead Zombie2 урон: 18
2017-05-31 14:17:50,520 [ INFO] - Ход 7-й 
2017-05-31 14:17:50,520 [ INFO] - Human Crossbowman1 атаковал Undead Hunter2 урон: 3
2017-05-31 14:17:50,520 [ INFO] - Ход 8-й 
2017-05-31 14:17:50,520 [ INFO] - Human WARRIOR1 атаковал мечом Undead Hunter3 урон: 18
2017-05-31 14:17:50,520 [ INFO] - ======================================================
2017-05-31 14:17:50,520 [ INFO] - Атака 2-я. Атакует отряд UNDEAD
2017-05-31 14:17:50,520 [ INFO] - ======================================================
2017-05-31 14:17:50,520 [ INFO] - Ход 9-й 
2017-05-31 14:17:50,520 [ INFO] - Undead Zombie1 атаковал копьем Human WARRIOR2 урон: 18
2017-05-31 14:17:50,520 [ INFO] - Ход 10-й 
2017-05-31 14:17:50,520 [ INFO] - Undead Hunter3 атаковал Human Crossbowman3 урон: 2
2017-05-31 14:17:50,520 [ INFO] - Ход 11-й 
2017-05-31 14:17:50,520 [ INFO] - Undead Hunter1 атаковал Human Crossbowman1 урон: 2
2017-05-31 14:17:50,520 [ INFO] - Ход 12-й 
2017-05-31 14:17:50,520 [ INFO] - Undead Zombie4 атаковал копьем Human MAG урон: 18
2017-05-31 14:17:50,520 [ INFO] - Ход 13-й 
2017-05-31 14:17:50,520 [ INFO] - Undead Zombie2 атаковал копьем Human Crossbowman3 урон: 18
2017-05-31 14:17:50,520 [ INFO] - Ход 14-й 
2017-05-31 14:17:50,520 [ INFO] - Undead Hunter2 пронзил стрелой Human WARRIOR2 урон: 4
2017-05-31 14:17:50,530 [ INFO] - Ход 15-й 
2017-05-31 14:17:50,530 [ INFO] - Undead Zombie3 атаковал копьем Human Crossbowman1 урон: 18
2017-05-31 14:17:50,530 [ INFO] - Ход 16-й 
2017-05-31 14:17:50,530 [ INFO] - Undead Necromancer атаковал магией Human MAG урон: 5
2017-05-31 14:17:50,530 [ INFO] - ======================================================
2017-05-31 14:17:50,530 [ INFO] - Атака 3-я. Атакует отряд HUMAN
2017-05-31 14:17:50,530 [ INFO] - ======================================================
2017-05-31 14:17:50,530 [ INFO] - Ход 17-й 
2017-05-31 14:17:50,530 [ INFO] - Human Crossbowman2 атаковал Undead Zombie3 урон: 3
2017-05-31 14:17:50,530 [ INFO] - Ход 18-й 
2017-05-31 14:17:50,530 [ INFO] - Human WARRIOR4 атаковал мечом Undead Hunter1 урон: 18
2017-05-31 14:17:50,530 [ INFO] - Ход 19-й 
2017-05-31 14:17:50,530 [ INFO] - Human WARRIOR3 атаковал мечом Undead Hunter1 урон: 18
2017-05-31 14:17:50,530 [ INFO] - Ход 20-й 
2017-05-31 14:17:50,530 [ INFO] - Human WARRIOR2 атаковал мечом Undead Zombie4 урон: 18
2017-05-31 14:17:50,530 [ INFO] - Ход 21-й 
2017-05-31 14:17:50,530 [ INFO] - Human MAG улучшил Human WARRIOR2
2017-05-31 14:17:50,530 [ INFO] - Ход 22-й 
2017-05-31 14:17:50,530 [ INFO] - Human WARRIOR1 атаковал мечом Undead Zombie2 урон: 18
2017-05-31 14:17:50,530 [ INFO] - Ход 23-й 
2017-05-31 14:17:50,530 [ INFO] - Human Crossbowman1 пронзил стрелой Undead Zombie1 урон: 5
2017-05-31 14:17:50,530 [ INFO] - Ход 24-й 
2017-05-31 14:17:50,530 [ INFO] - Human Crossbowman3 атаковал Undead Hunter2 урон: 3
2017-05-31 14:17:50,530 [ INFO] - ======================================================
2017-05-31 14:17:50,530 [ INFO] - Атака 4-я. Атакует отряд UNDEAD
2017-05-31 14:17:50,530 [ INFO] - ======================================================
2017-05-31 14:17:50,530 [ INFO] - Ход 25-й 
2017-05-31 14:17:50,530 [ INFO] - Undead Hunter2 атаковал Human Crossbowman1 урон: 2
2017-05-31 14:17:50,530 [ INFO] - Ход 26-й 
2017-05-31 14:17:50,530 [ INFO] - Undead Zombie3 атаковал копьем Human WARRIOR2 урон: 18
2017-05-31 14:17:50,530 [ INFO] - Ход 27-й 
2017-05-31 14:17:50,530 [ INFO] - Undead Necromancer атаковал магией Human WARRIOR3 урон: 5
2017-05-31 14:17:50,530 [ INFO] - Ход 28-й 
2017-05-31 14:17:50,530 [ INFO] - Undead Zombie2 атаковал копьем Human WARRIOR2 урон: 18
2017-05-31 14:17:50,530 [ INFO] - Ход 29-й 
2017-05-31 14:17:50,530 [ INFO] - Undead Zombie4 атаковал копьем Human Crossbowman1 урон: 18
2017-05-31 14:17:50,530 [ INFO] - Ход 30-й 
2017-05-31 14:17:50,530 [ INFO] - Undead Hunter3 пронзил стрелой Human MAG урон: 4
2017-05-31 14:17:50,530 [ INFO] - Ход 31-й 
2017-05-31 14:17:50,530 [ INFO] - Undead Hunter1 атаковал Human MAG урон: 2
2017-05-31 14:17:50,530 [ INFO] - Ход 32-й 
2017-05-31 14:17:50,530 [ INFO] - Undead Zombie1 атаковал копьем Human Crossbowman2 урон: 18
2017-05-31 14:17:50,530 [ INFO] - ======================================================
2017-05-31 14:17:50,530 [ INFO] - Атака 5-я. Атакует отряд HUMAN
2017-05-31 14:17:50,530 [ INFO] - ======================================================
2017-05-31 14:17:50,530 [ INFO] - Ход 33-й 
2017-05-31 14:17:50,530 [ INFO] - Human WARRIOR2 атаковал мечом Undead Hunter1 урон: 27
2017-05-31 14:17:50,530 [ INFO] - Ход 34-й 
2017-05-31 14:17:50,530 [ INFO] - Human Crossbowman3 атаковал Undead Hunter1 урон: 3
2017-05-31 14:17:50,530 [ INFO] - Ход 35-й 
2017-05-31 14:17:50,530 [ INFO] - Human WARRIOR1 атаковал мечом Undead Hunter2 урон: 18
2017-05-31 14:17:50,530 [ INFO] - Ход 36-й 
2017-05-31 14:17:50,530 [ INFO] - Human WARRIOR3 атаковал мечом Undead Zombie4 урон: 18
2017-05-31 14:17:50,530 [ INFO] - Ход 37-й 
2017-05-31 14:17:50,530 [ INFO] - Human WARRIOR4 атаковал мечом Undead Hunter3 урон: 18
2017-05-31 14:17:50,530 [ INFO] - Ход 38-й 
2017-05-31 14:17:50,530 [ INFO] - Human MAG улучшил Human Crossbowman2
2017-05-31 14:17:50,530 [ INFO] - Ход 39-й 
2017-05-31 14:17:50,530 [ INFO] - Human Crossbowman2 пронзил стрелой Undead Necromancer урон: 7
2017-05-31 14:17:50,530 [ INFO] - Ход 40-й 
2017-05-31 14:17:50,530 [ INFO] - Human Crossbowman1 пронзил стрелой Undead Necromancer урон: 5
2017-05-31 14:17:50,530 [ INFO] - ======================================================
2017-05-31 14:17:50,530 [ INFO] - Атака 6-я. Атакует отряд UNDEAD
2017-05-31 14:17:50,530 [ INFO] - ======================================================
2017-05-31 14:17:50,530 [ INFO] - Ход 41-й 
2017-05-31 14:17:50,530 [ INFO] - Undead Hunter3 пронзил стрелой Human Crossbowman2 урон: 4
2017-05-31 14:17:50,530 [ INFO] - Ход 42-й 
2017-05-31 14:17:50,530 [ INFO] - Undead Zombie4 атаковал копьем Human Crossbowman2 урон: 18
2017-05-31 14:17:50,530 [ INFO] - Ход 43-й 
2017-05-31 14:17:50,530 [ INFO] - Undead Necromancer атаковал магией Human Crossbowman2 урон: 5
2017-05-31 14:17:50,530 [ INFO] - Ход 44-й 
2017-05-31 14:17:50,530 [ INFO] - Undead Hunter1 пронзил стрелой Human Crossbowman2 урон: 4
2017-05-31 14:17:50,540 [ INFO] - Ход 45-й 
2017-05-31 14:17:50,540 [ INFO] - Undead Zombie2 атаковал копьем Human Crossbowman2 урон: 18
2017-05-31 14:17:50,540 [ INFO] - Ход 46-й 
2017-05-31 14:17:50,540 [ INFO] - Undead Zombie3 атаковал копьем Human WARRIOR4 урон: 18
2017-05-31 14:17:50,540 [ INFO] - Ход 47-й 
2017-05-31 14:17:50,540 [ INFO] - Undead Hunter2 пронзил стрелой Human WARRIOR2 урон: 4
2017-05-31 14:17:50,540 [ INFO] - Ход 48-й 
2017-05-31 14:17:50,540 [ INFO] - Undead Zombie1 атаковал копьем Human Crossbowman2 урон: 18
2017-05-31 14:17:50,540 [ INFO] - ======================================================
2017-05-31 14:17:50,540 [ INFO] - Атака 7-я. Атакует отряд HUMAN
2017-05-31 14:17:50,540 [ INFO] - ======================================================
2017-05-31 14:17:50,540 [ INFO] - Ход 49-й 
2017-05-31 14:17:50,540 [ INFO] - Human Crossbowman2 атаковал Undead Necromancer урон: 3
2017-05-31 14:17:50,540 [ INFO] - Ход 50-й 
2017-05-31 14:17:50,540 [ INFO] - Human WARRIOR1 атаковал мечом Undead Zombie2 урон: 18
2017-05-31 14:17:50,540 [ INFO] - Ход 51-й 
2017-05-31 14:17:50,540 [ INFO] - Human MAG улучшил Human Crossbowman2
2017-05-31 14:17:50,540 [ INFO] - Ход 52-й 
2017-05-31 14:17:50,540 [ INFO] - Human WARRIOR3 атаковал мечом Undead Zombie2 урон: 18
2017-05-31 14:17:50,540 [ INFO] - Ход 53-й 
2017-05-31 14:17:50,540 [ INFO] - Human Crossbowman3 атаковал Undead Zombie1 урон: 3
2017-05-31 14:17:50,540 [ INFO] - Ход 54-й 
2017-05-31 14:17:50,540 [ INFO] - Human WARRIOR4 атаковал мечом Undead Necromancer урон: 18
2017-05-31 14:17:50,540 [ INFO] - Ход 55-й 
2017-05-31 14:17:50,540 [ INFO] - Human WARRIOR2 атаковал мечом Undead Zombie3 урон: 18
2017-05-31 14:17:50,540 [ INFO] - Ход 56-й 
2017-05-31 14:17:50,540 [ INFO] - Human Crossbowman1 пронзил стрелой Undead Zombie1 урон: 5
2017-05-31 14:17:50,540 [ INFO] - ======================================================
2017-05-31 14:17:50,540 [ INFO] - Атака 8-я. Атакует отряд UNDEAD
2017-05-31 14:17:50,540 [ INFO] - ======================================================
2017-05-31 14:17:50,540 [ INFO] - Ход 57-й 
2017-05-31 14:17:50,540 [ INFO] - Undead Hunter2 атаковал Human Crossbowman2 урон: 2
2017-05-31 14:17:50,540 [ INFO] - Ход 58-й 
2017-05-31 14:17:50,540 [ INFO] - Undead Necromancer наслал недуг на Human WARRIOR4
2017-05-31 14:17:50,540 [ INFO] - Ход 59-й 
2017-05-31 14:17:50,540 [ INFO] - Undead Hunter1 пронзил стрелой Human Crossbowman2 урон: 4
2017-05-31 14:17:50,540 [ INFO] - Ход 60-й 
2017-05-31 14:17:50,540 [ INFO] - Undead Hunter3 пронзил стрелой Human Crossbowman2 урон: 4
2017-05-31 14:17:50,540 [ INFO] - Ход 61-й 
2017-05-31 14:17:50,540 [ INFO] - Undead Zombie4 атаковал копьем Human Crossbowman2 урон: 18. Human Crossbowman2 убит.
2017-05-31 14:17:50,540 [ INFO] - Ход 62-й 
2017-05-31 14:17:50,540 [ INFO] - Undead Zombie1 атаковал копьем Human MAG урон: 18
2017-05-31 14:17:50,540 [ INFO] - Ход 63-й 
2017-05-31 14:17:50,540 [ INFO] - Undead Zombie3 атаковал копьем Human Crossbowman3 урон: 18
2017-05-31 14:17:50,540 [ INFO] - Ход 64-й 
2017-05-31 14:17:50,540 [ INFO] - Undead Zombie2 атаковал копьем Human WARRIOR1 урон: 18
2017-05-31 14:17:50,540 [ INFO] - ======================================================
2017-05-31 14:17:50,540 [ INFO] - Атака 9-я. Атакует отряд HUMAN
2017-05-31 14:17:50,540 [ INFO] - ======================================================
2017-05-31 14:17:50,540 [ INFO] - Ход 65-й 
2017-05-31 14:17:50,540 [ INFO] - Human MAG атаковал магией Undead Zombie4 урон: 4
2017-05-31 14:17:50,540 [ INFO] - Ход 66-й 
2017-05-31 14:17:50,540 [ INFO] - Human WARRIOR3 атаковал мечом Undead Zombie3 урон: 18
2017-05-31 14:17:50,540 [ INFO] - Ход 67-й 
2017-05-31 14:17:50,540 [ INFO] - Human WARRIOR4 атаковал мечом Undead Hunter2 урон: 9
2017-05-31 14:17:50,540 [ INFO] - Ход 68-й 
2017-05-31 14:17:50,540 [ INFO] - Human Crossbowman1 пронзил стрелой Undead Zombie1 урон: 5
2017-05-31 14:17:50,540 [ INFO] - Ход 69-й 
2017-05-31 14:17:50,540 [ INFO] - Human Crossbowman3 атаковал Undead Zombie2 урон: 3
2017-05-31 14:17:50,540 [ INFO] - Ход 70-й 
2017-05-31 14:17:50,540 [ INFO] - Human WARRIOR1 атаковал мечом Undead Necromancer урон: 18
2017-05-31 14:17:50,540 [ INFO] - Ход 71-й 
2017-05-31 14:17:50,540 [ INFO] - Human WARRIOR2 атаковал мечом Undead Zombie4 урон: 18
2017-05-31 14:17:50,550 [ INFO] - ======================================================
2017-05-31 14:17:50,550 [ INFO] - Атака 10-я. Атакует отряд UNDEAD
2017-05-31 14:17:50,550 [ INFO] - ======================================================
2017-05-31 14:17:50,550 [ INFO] - Ход 72-й 
2017-05-31 14:17:50,550 [ INFO] - Undead Hunter3 атаковал Human Crossbowman1 урон: 2
2017-05-31 14:17:50,550 [ INFO] - Ход 73-й 
2017-05-31 14:17:50,550 [ INFO] - Undead Zombie2 атаковал копьем Human WARRIOR4 урон: 18
2017-05-31 14:17:50,550 [ INFO] - Ход 74-й 
2017-05-31 14:17:50,550 [ INFO] - Undead Zombie4 атаковал копьем Human Crossbowman3 урон: 18
2017-05-31 14:17:50,550 [ INFO] - Ход 75-й 
2017-05-31 14:17:50,550 [ INFO] - Undead Hunter2 атаковал Human WARRIOR4 урон: 2
2017-05-31 14:17:50,550 [ INFO] - Ход 76-й 
2017-05-31 14:17:50,550 [ INFO] - Undead Hunter1 атаковал Human Crossbowman3 урон: 2
2017-05-31 14:17:50,550 [ INFO] - Ход 77-й 
2017-05-31 14:17:50,550 [ INFO] - Undead Necromancer наслал недуг на Human Crossbowman1
2017-05-31 14:17:50,550 [ INFO] - Ход 78-й 
2017-05-31 14:17:50,550 [ INFO] - Undead Zombie3 атаковал копьем Human WARRIOR1 урон: 18
2017-05-31 14:17:50,550 [ INFO] - Ход 79-й 
2017-05-31 14:17:50,550 [ INFO] - Undead Zombie1 атаковал копьем Human WARRIOR2 урон: 18
2017-05-31 14:17:50,550 [ INFO] - ======================================================
2017-05-31 14:17:50,550 [ INFO] - Атака 11-я. Атакует отряд HUMAN
2017-05-31 14:17:50,550 [ INFO] - ======================================================
2017-05-31 14:17:50,550 [ INFO] - Ход 80-й 
2017-05-31 14:17:50,550 [ INFO] - Human MAG улучшил Human Crossbowman3
2017-05-31 14:17:50,550 [ INFO] - Ход 81-й 
2017-05-31 14:17:50,550 [ INFO] - Human WARRIOR1 атаковал мечом Undead Zombie4 урон: 18
2017-05-31 14:17:50,550 [ INFO] - Ход 82-й 
2017-05-31 14:17:50,550 [ INFO] - Human Crossbowman3 атаковал Undead Necromancer урон: 4
2017-05-31 14:17:50,550 [ INFO] - Ход 83-й 
2017-05-31 14:17:50,550 [ INFO] - Human WARRIOR4 атаковал мечом Undead Hunter1 урон: 18
2017-05-31 14:17:50,550 [ INFO] - Ход 84-й 
2017-05-31 14:17:50,550 [ INFO] - Human WARRIOR2 атаковал мечом Undead Hunter1 урон: 18. Undead Hunter1 убит.
2017-05-31 14:17:50,550 [ INFO] - Ход 85-й 
2017-05-31 14:17:50,550 [ INFO] - Human Crossbowman1 пронзил стрелой Undead Zombie1 урон: 2
2017-05-31 14:17:50,550 [ INFO] - Ход 86-й 
2017-05-31 14:17:50,550 [ INFO] - Human WARRIOR3 атаковал мечом Undead Necromancer урон: 18
2017-05-31 14:17:50,550 [ INFO] - ======================================================
2017-05-31 14:17:50,550 [ INFO] - Атака 12-я. Атакует отряд UNDEAD
2017-05-31 14:17:50,550 [ INFO] - ======================================================
2017-05-31 14:17:50,550 [ INFO] - Ход 87-й 
2017-05-31 14:17:50,550 [ INFO] - Undead Hunter2 атаковал Human Crossbowman3 урон: 2
2017-05-31 14:17:50,550 [ INFO] - Ход 88-й 
2017-05-31 14:17:50,550 [ INFO] - Undead Zombie2 атаковал копьем Human Crossbowman1 урон: 18
2017-05-31 14:17:50,550 [ INFO] - Ход 89-й 
2017-05-31 14:17:50,550 [ INFO] - Undead Zombie4 атаковал копьем Human WARRIOR2 урон: 18
2017-05-31 14:17:50,550 [ INFO] - Ход 90-й 
2017-05-31 14:17:50,550 [ INFO] - Undead Necromancer наслал недуг на Human Crossbowman3
2017-05-31 14:17:50,550 [ INFO] - Ход 91-й 
2017-05-31 14:17:50,550 [ INFO] - Undead Hunter3 атаковал Human Crossbowman1 урон: 2
2017-05-31 14:17:50,550 [ INFO] - Ход 92-й 
2017-05-31 14:17:50,550 [ INFO] - Undead Zombie1 атаковал копьем Human Crossbowman3 урон: 18
2017-05-31 14:17:50,550 [ INFO] - Ход 93-й 
2017-05-31 14:17:50,550 [ INFO] - Undead Zombie3 атаковал копьем Human Crossbowman3 урон: 18
2017-05-31 14:17:50,550 [ INFO] - ======================================================
2017-05-31 14:17:50,550 [ INFO] - Атака 13-я. Атакует отряд HUMAN
2017-05-31 14:17:50,550 [ INFO] - ======================================================
2017-05-31 14:17:50,550 [ INFO] - Ход 94-й 
2017-05-31 14:17:50,550 [ INFO] - Human Crossbowman3 атаковал Undead Zombie4 урон: 2
2017-05-31 14:17:50,550 [ INFO] - Ход 95-й 
2017-05-31 14:17:50,550 [ INFO] - Human WARRIOR4 атаковал мечом Undead Hunter3 урон: 18
2017-05-31 14:17:50,550 [ INFO] - Ход 96-й 
2017-05-31 14:17:50,550 [ INFO] - Human Crossbowman1 атаковал Undead Hunter3 урон: 3
2017-05-31 14:17:50,550 [ INFO] - Ход 97-й 
2017-05-31 14:17:50,550 [ INFO] - Human WARRIOR1 атаковал мечом Undead Necromancer урон: 18
2017-05-31 14:17:50,550 [ INFO] - Ход 98-й 
2017-05-31 14:17:50,550 [ INFO] - Human WARRIOR2 атаковал мечом Undead Zombie2 урон: 18
2017-05-31 14:17:50,550 [ INFO] - Ход 99-й 
2017-05-31 14:17:50,550 [ INFO] - Human WARRIOR3 атаковал мечом Undead Zombie2 урон: 18. Undead Zombie2 убит.
2017-05-31 14:17:50,550 [ INFO] - Ход 100-й 
2017-05-31 14:17:50,550 [ INFO] - Human MAG улучшил Human WARRIOR1
2017-05-31 14:17:50,550 [ INFO] - ======================================================
2017-05-31 14:17:50,550 [ INFO] - Атака 14-я. Атакует отряд UNDEAD
2017-05-31 14:17:50,550 [ INFO] - ======================================================
2017-05-31 14:17:50,550 [ INFO] - Ход 101-й 
2017-05-31 14:17:50,550 [ INFO] - Undead Hunter3 пронзил стрелой Human Crossbowman3 урон: 4. Human Crossbowman3 убит.
2017-05-31 14:17:50,550 [ INFO] - Ход 102-й 
2017-05-31 14:17:50,550 [ INFO] - Undead Zombie4 атаковал копьем Human Crossbowman1 урон: 18
2017-05-31 14:17:50,550 [ INFO] - Ход 103-й 
2017-05-31 14:17:50,550 [ INFO] - Undead Zombie1 атаковал копьем Human WARRIOR1 урон: 18
2017-05-31 14:17:50,560 [ INFO] - Ход 104-й 
2017-05-31 14:17:50,560 [ INFO] - Undead Zombie3 атаковал копьем Human Crossbowman1 урон: 18
2017-05-31 14:17:50,560 [ INFO] - Ход 105-й 
2017-05-31 14:17:50,560 [ INFO] - Undead Necromancer наслал недуг на Human WARRIOR1
2017-05-31 14:17:50,560 [ INFO] - Ход 106-й 
2017-05-31 14:17:50,560 [ INFO] - Undead Hunter2 пронзил стрелой Human WARRIOR3 урон: 4
2017-05-31 14:17:50,560 [ INFO] - ======================================================
2017-05-31 14:17:50,560 [ INFO] - Атака 15-я. Атакует отряд HUMAN
2017-05-31 14:17:50,560 [ INFO] - ======================================================
2017-05-31 14:17:50,560 [ INFO] - Ход 107-й 
2017-05-31 14:17:50,560 [ INFO] - Human WARRIOR1 атаковал мечом Undead Necromancer урон: 13. Undead Necromancer убит.
2017-05-31 14:17:50,560 [ INFO] - Ход 108-й 
2017-05-31 14:17:50,560 [ INFO] - Human WARRIOR3 атаковал мечом Undead Zombie1 урон: 18
2017-05-31 14:17:50,560 [ INFO] - Ход 109-й 
2017-05-31 14:17:50,560 [ INFO] - Human WARRIOR4 атаковал мечом Undead Zombie3 урон: 18
2017-05-31 14:17:50,560 [ INFO] - Ход 110-й 
2017-05-31 14:17:50,560 [ INFO] - Human WARRIOR2 атаковал мечом Undead Zombie4 урон: 18
2017-05-31 14:17:50,560 [ INFO] - Ход 111-й 
2017-05-31 14:17:50,560 [ INFO] - Human MAG улучшил Human WARRIOR3
2017-05-31 14:17:50,560 [ INFO] - Ход 112-й 
2017-05-31 14:17:50,560 [ INFO] - Human Crossbowman1 атаковал Undead Zombie4 урон: 3
2017-05-31 14:17:50,560 [ INFO] - ======================================================
2017-05-31 14:17:50,560 [ INFO] - Атака 16-я. Атакует отряд UNDEAD
2017-05-31 14:17:50,560 [ INFO] - ======================================================
2017-05-31 14:17:50,560 [ INFO] - Ход 113-й 
2017-05-31 14:17:50,560 [ INFO] - Undead Zombie3 атаковал копьем Human WARRIOR3 урон: 18
2017-05-31 14:17:50,560 [ INFO] - Ход 114-й 
2017-05-31 14:17:50,560 [ INFO] - Undead Hunter3 пронзил стрелой Human WARRIOR2 урон: 4. Human WARRIOR2 убит.
2017-05-31 14:17:50,560 [ INFO] - Ход 115-й 
2017-05-31 14:17:50,560 [ INFO] - Undead Zombie4 атаковал копьем Human MAG урон: 18
2017-05-31 14:17:50,560 [ INFO] - Ход 116-й 
2017-05-31 14:17:50,560 [ INFO] - Undead Zombie1 атаковал копьем Human WARRIOR3 урон: 18
2017-05-31 14:17:50,560 [ INFO] - Ход 117-й 
2017-05-31 14:17:50,560 [ INFO] - Undead Hunter2 пронзил стрелой Human Crossbowman1 урон: 4. Human Crossbowman1 убит.
2017-05-31 14:17:50,560 [ INFO] - ======================================================
2017-05-31 14:17:50,560 [ INFO] - Атака 17-я. Атакует отряд HUMAN
2017-05-31 14:17:50,560 [ INFO] - ======================================================
2017-05-31 14:17:50,560 [ INFO] - Ход 118-й 
2017-05-31 14:17:50,560 [ INFO] - Human WARRIOR3 атаковал мечом Undead Zombie1 урон: 27
2017-05-31 14:17:50,560 [ INFO] - Ход 119-й 
2017-05-31 14:17:50,560 [ INFO] - Human WARRIOR4 атаковал мечом Undead Hunter2 урон: 18
2017-05-31 14:17:50,560 [ INFO] - Ход 120-й 
2017-05-31 14:17:50,560 [ INFO] - Human MAG атаковал магией Undead Zombie3 урон: 4
2017-05-31 14:17:50,560 [ INFO] - Ход 121-й 
2017-05-31 14:17:50,560 [ INFO] - Human WARRIOR1 атаковал мечом Undead Zombie4 урон: 18. Undead Zombie4 убит.
2017-05-31 14:17:50,560 [ INFO] - ======================================================
2017-05-31 14:17:50,560 [ INFO] - Атака 18-я. Атакует отряд UNDEAD
2017-05-31 14:17:50,560 [ INFO] - ======================================================
2017-05-31 14:17:50,560 [ INFO] - Ход 122-й 
2017-05-31 14:17:50,560 [ INFO] - Undead Zombie1 атаковал копьем Human WARRIOR4 урон: 18
2017-05-31 14:17:50,560 [ INFO] - Ход 123-й 
2017-05-31 14:17:50,560 [ INFO] - Undead Hunter3 пронзил стрелой Human MAG урон: 4
2017-05-31 14:17:50,560 [ INFO] - Ход 124-й 
2017-05-31 14:17:50,560 [ INFO] - Undead Hunter2 пронзил стрелой Human MAG урон: 4
2017-05-31 14:17:50,560 [ INFO] - Ход 125-й 
2017-05-31 14:17:50,560 [ INFO] - Undead Zombie3 атаковал копьем Human WARRIOR1 урон: 18
2017-05-31 14:17:50,560 [ INFO] - ======================================================
2017-05-31 14:17:50,560 [ INFO] - Атака 19-я. Атакует отряд HUMAN
2017-05-31 14:17:50,560 [ INFO] - ======================================================
2017-05-31 14:17:50,560 [ INFO] - Ход 126-й 
2017-05-31 14:17:50,560 [ INFO] - Human MAG атаковал магией Undead Zombie1 урон: 4
2017-05-31 14:17:50,560 [ INFO] - Ход 127-й 
2017-05-31 14:17:50,560 [ INFO] - Human WARRIOR1 атаковал мечом Undead Hunter2 урон: 18
2017-05-31 14:17:50,560 [ INFO] - Ход 128-й 
2017-05-31 14:17:50,560 [ INFO] - Human WARRIOR4 атаковал мечом Undead Hunter2 урон: 18
2017-05-31 14:17:50,560 [ INFO] - Ход 129-й 
2017-05-31 14:17:50,560 [ INFO] - Human WARRIOR3 атаковал мечом Undead Zombie1 урон: 18. Undead Zombie1 убит.
2017-05-31 14:17:50,560 [ INFO] - ======================================================
2017-05-31 14:17:50,560 [ INFO] - Атака 20-я. Атакует отряд UNDEAD
2017-05-31 14:17:50,560 [ INFO] - ======================================================
2017-05-31 14:17:50,560 [ INFO] - Ход 130-й 
2017-05-31 14:17:50,560 [ INFO] - Undead Hunter2 пронзил стрелой Human MAG урон: 4
2017-05-31 14:17:50,560 [ INFO] - Ход 131-й 
2017-05-31 14:17:50,560 [ INFO] - Undead Hunter3 атаковал Human WARRIOR3 урон: 2
2017-05-31 14:17:50,560 [ INFO] - Ход 132-й 
2017-05-31 14:17:50,570 [ INFO] - Undead Zombie3 атаковал копьем Human MAG урон: 18
2017-05-31 14:17:50,570 [ INFO] - ======================================================
2017-05-31 14:17:50,570 [ INFO] - Атака 21-я. Атакует отряд HUMAN
2017-05-31 14:17:50,570 [ INFO] - ======================================================
2017-05-31 14:17:50,570 [ INFO] - Ход 133-й 
2017-05-31 14:17:50,570 [ INFO] - Human WARRIOR1 атаковал мечом Undead Hunter3 урон: 18
2017-05-31 14:17:50,570 [ INFO] - Ход 134-й 
2017-05-31 14:17:50,570 [ INFO] - Human WARRIOR4 атаковал мечом Undead Hunter2 урон: 18. Undead Hunter2 убит.
2017-05-31 14:17:50,570 [ INFO] - Ход 135-й 
2017-05-31 14:17:50,570 [ INFO] - Human WARRIOR3 атаковал мечом Undead Zombie3 урон: 18
2017-05-31 14:17:50,570 [ INFO] - Ход 136-й 
2017-05-31 14:17:50,570 [ INFO] - Human MAG атаковал магией Undead Hunter3 урон: 4. Undead Hunter3 убит.
2017-05-31 14:17:50,570 [ INFO] - ======================================================
2017-05-31 14:17:50,570 [ INFO] - Атака 22-я. Атакует отряд UNDEAD
2017-05-31 14:17:50,570 [ INFO] - ======================================================
2017-05-31 14:17:50,570 [ INFO] - Ход 137-й 
2017-05-31 14:17:50,570 [ INFO] - Undead Zombie3 атаковал копьем Human WARRIOR3 урон: 18
2017-05-31 14:17:50,570 [ INFO] - ======================================================
2017-05-31 14:17:50,570 [ INFO] - Атака 23-я. Атакует отряд HUMAN
2017-05-31 14:17:50,570 [ INFO] - ======================================================
2017-05-31 14:17:50,570 [ INFO] - Ход 138-й 
2017-05-31 14:17:50,570 [ INFO] - Human WARRIOR1 атаковал мечом Undead Zombie3 урон: 18. Undead Zombie3 убит.
2017-05-31 14:17:50,570 [ INFO] - ======================================================
2017-05-31 14:17:50,570 [ INFO] - Бой окончен!
2017-05-31 14:17:50,570 [ INFO] - Победили HUMAN
2017-05-31 14:17:50,570 [ INFO] - ======================================================
2017-05-31 14:17:50,570 [ INFO] - Статистика боя:
2017-05-31 14:17:50,570 [ INFO] - ======================================================
2017-05-31 14:17:50,570 [ INFO] - Кол-во совершонных атак: 23
2017-05-31 14:17:50,570 [ INFO] - Кол-во совершонных атак отрядом HUMAN : 12
2017-05-31 14:17:50,570 [ INFO] - Кол-во совершонных атак отрядом UNDEAD : 11
2017-05-31 14:17:50,570 [ INFO] - ======================================================
2017-05-31 14:17:50,570 [ INFO] - Кол-во совершонных ходов: 138
2017-05-31 14:17:50,570 [ INFO] - Кол-во ходов отрядом HUMAN : 72
2017-05-31 14:17:50,570 [ INFO] - Кол-во ходов отрядом UNDEAD : 66
2017-05-31 14:17:50,570 [ INFO] - ======================================================
