2017-05-31 14:39:50,425 [ INFO] - Выбор расс...
2017-05-31 14:39:50,431 [ INFO] - ======================================================
2017-05-31 14:39:50,432 [ INFO] - HUMAN против UNDEAD
2017-05-31 14:39:50,433 [ INFO] - ======================================================
2017-05-31 14:39:50,435 [ INFO] - Создание отряда HUMAN
2017-05-31 14:39:50,440 [ INFO] - Создан Human MAG
2017-05-31 14:39:50,440 [ INFO] - Создан Human Crossbowman1
2017-05-31 14:39:50,441 [ INFO] - Создан Human Crossbowman2
2017-05-31 14:39:50,441 [ INFO] - Создан Human Crossbowman3
2017-05-31 14:39:50,442 [ INFO] - Создан Human WARRIOR1
2017-05-31 14:39:50,442 [ INFO] - Создан Human WARRIOR2
2017-05-31 14:39:50,442 [ INFO] - Создан Human WARRIOR3
2017-05-31 14:39:50,442 [ INFO] - Создан Human WARRIOR4
2017-05-31 14:39:50,445 [ INFO] - ======================================================
2017-05-31 14:39:50,445 [ INFO] - Создание отряда UNDEAD
2017-05-31 14:39:50,448 [ INFO] - Создан Undead Necromancer
2017-05-31 14:39:50,448 [ INFO] - Создан Undead Hunter1
2017-05-31 14:39:50,448 [ INFO] - Создан Undead Hunter2
2017-05-31 14:39:50,448 [ INFO] - Создан Undead Hunter3
2017-05-31 14:39:50,448 [ INFO] - Создан Undead Zombie1
2017-05-31 14:39:50,449 [ INFO] - Создан Undead Zombie2
2017-05-31 14:39:50,449 [ INFO] - Создан Undead Zombie3
2017-05-31 14:39:50,449 [ INFO] - Создан Undead Zombie4
2017-05-31 14:39:50,449 [ INFO] - ======================================================
2017-05-31 14:39:50,449 [ INFO] - Атака 1-я. Атакует отряд HUMAN
2017-05-31 14:39:50,450 [ INFO] - ======================================================
2017-05-31 14:39:50,450 [ INFO] - Ход 1-й 
2017-05-31 14:39:50,451 [ INFO] - Human WARRIOR3 атаковал мечом Undead Hunter2 урон: 18
2017-05-31 14:39:50,451 [ INFO] - Ход 2-й 
2017-05-31 14:39:50,452 [ INFO] - Human Crossbowman2 атаковал Undead Necromancer урон: 3
2017-05-31 14:39:50,452 [ INFO] - Ход 3-й 
2017-05-31 14:39:50,453 [ INFO] - Human Crossbowman3 пронзил стрелой Undead Hunter3 урон: 5
2017-05-31 14:39:50,453 [ INFO] - Ход 4-й 
2017-05-31 14:39:50,453 [ INFO] - Human MAG улучшил Human Crossbowman3
2017-05-31 14:39:50,454 [ INFO] - Ход 5-й 
2017-05-31 14:39:50,454 [ INFO] - Human WARRIOR1 атаковал мечом Undead Hunter2 урон: 18
2017-05-31 14:39:50,454 [ INFO] - Ход 6-й 
2017-05-31 14:39:50,454 [ INFO] - Human WARRIOR4 атаковал мечом Undead Zombie1 урон: 18
2017-05-31 14:39:50,454 [ INFO] - Ход 7-й 
2017-05-31 14:39:50,455 [ INFO] - Human WARRIOR2 атаковал мечом Undead Zombie1 урон: 18
2017-05-31 14:39:50,455 [ INFO] - Ход 8-й 
2017-05-31 14:39:50,455 [ INFO] - Human Crossbowman1 атаковал Undead Hunter1 урон: 3
2017-05-31 14:39:50,455 [ INFO] - ======================================================
2017-05-31 14:39:50,455 [ INFO] - Атака 2-я. Атакует отряд UNDEAD
2017-05-31 14:39:50,455 [ INFO] - ======================================================
2017-05-31 14:39:50,456 [ INFO] - Ход 9-й 
2017-05-31 14:39:50,456 [ INFO] - Undead Zombie2 атаковал копьем Human Crossbowman3 урон: 18
2017-05-31 14:39:50,456 [ INFO] - Ход 10-й 
2017-05-31 14:39:50,456 [ INFO] - Undead Hunter3 атаковал Human Crossbowman3 урон: 2
2017-05-31 14:39:50,456 [ INFO] - Ход 11-й 
2017-05-31 14:39:50,456 [ INFO] - Undead Zombie3 атаковал копьем Human WARRIOR2 урон: 18
2017-05-31 14:39:50,457 [ INFO] - Ход 12-й 
2017-05-31 14:39:50,457 [ INFO] - Undead Zombie4 атаковал копьем Human WARRIOR1 урон: 18
2017-05-31 14:39:50,457 [ INFO] - Ход 13-й 
2017-05-31 14:39:50,457 [ INFO] - Undead Hunter1 пронзил стрелой Human Crossbowman1 урон: 4
2017-05-31 14:39:50,458 [ INFO] - Ход 14-й 
2017-05-31 14:39:50,458 [ INFO] - Undead Hunter2 пронзил стрелой Human Crossbowman3 урон: 4
2017-05-31 14:39:50,458 [ INFO] - Ход 15-й 
2017-05-31 14:39:50,458 [ INFO] - Undead Zombie1 атаковал копьем Human MAG урон: 18
2017-05-31 14:39:50,458 [ INFO] - Ход 16-й 
2017-05-31 14:39:50,459 [ INFO] - Undead Necromancer атаковал магией Human Crossbowman3 урон: 5
2017-05-31 14:39:50,459 [ INFO] - ======================================================
2017-05-31 14:39:50,459 [ INFO] - Атака 3-я. Атакует отряд HUMAN
2017-05-31 14:39:50,459 [ INFO] - ======================================================
2017-05-31 14:39:50,459 [ INFO] - Ход 17-й 
2017-05-31 14:39:50,460 [ INFO] - Human Crossbowman3 пронзил стрелой Undead Zombie2 урон: 7
2017-05-31 14:39:50,460 [ INFO] - Ход 18-й 
2017-05-31 14:39:50,461 [ INFO] - Human WARRIOR2 атаковал мечом Undead Hunter1 урон: 18
2017-05-31 14:39:50,461 [ INFO] - Ход 19-й 
2017-05-31 14:39:50,461 [ INFO] - Human WARRIOR1 атаковал мечом Undead Zombie3 урон: 18
2017-05-31 14:39:50,461 [ INFO] - Ход 20-й 
2017-05-31 14:39:50,461 [ INFO] - Human MAG улучшил Human WARRIOR4
2017-05-31 14:39:50,462 [ INFO] - Ход 21-й 
2017-05-31 14:39:50,462 [ INFO] - Human WARRIOR3 атаковал мечом Undead Hunter3 урон: 18
2017-05-31 14:39:50,462 [ INFO] - Ход 22-й 
2017-05-31 14:39:50,462 [ INFO] - Human Crossbowman2 атаковал Undead Zombie1 урон: 3
2017-05-31 14:39:50,462 [ INFO] - Ход 23-й 
2017-05-31 14:39:50,463 [ INFO] - Human Crossbowman1 атаковал Undead Hunter2 урон: 3
2017-05-31 14:39:50,463 [ INFO] - Ход 24-й 
2017-05-31 14:39:50,463 [ INFO] - Human WARRIOR4 атаковал мечом Undead Hunter3 урон: 27
2017-05-31 14:39:50,463 [ INFO] - ======================================================
2017-05-31 14:39:50,463 [ INFO] - Атака 4-я. Атакует отряд UNDEAD
2017-05-31 14:39:50,463 [ INFO] - ======================================================
2017-05-31 14:39:50,464 [ INFO] - Ход 25-й 
2017-05-31 14:39:50,464 [ INFO] - Undead Zombie3 атаковал копьем Human WARRIOR1 урон: 18
2017-05-31 14:39:50,464 [ INFO] - Ход 26-й 
2017-05-31 14:39:50,464 [ INFO] - Undead Zombie4 атаковал копьем Human WARRIOR1 урон: 18
2017-05-31 14:39:50,464 [ INFO] - Ход 27-й 
2017-05-31 14:39:50,464 [ INFO] - Undead Hunter2 атаковал Human Crossbowman2 урон: 2
2017-05-31 14:39:50,465 [ INFO] - Ход 28-й 
2017-05-31 14:39:50,465 [ INFO] - Undead Hunter1 атаковал Human MAG урон: 2
2017-05-31 14:39:50,465 [ INFO] - Ход 29-й 
2017-05-31 14:39:50,465 [ INFO] - Undead Zombie1 атаковал копьем Human WARRIOR4 урон: 18
2017-05-31 14:39:50,465 [ INFO] - Ход 30-й 
2017-05-31 14:39:50,465 [ INFO] - Undead Zombie2 атаковал копьем Human Crossbowman1 урон: 18
2017-05-31 14:39:50,466 [ INFO] - Ход 31-й 
2017-05-31 14:39:50,466 [ INFO] - Undead Hunter3 пронзил стрелой Human WARRIOR4 урон: 4
2017-05-31 14:39:50,466 [ INFO] - Ход 32-й 
2017-05-31 14:39:50,466 [ INFO] - Undead Necromancer атаковал магией Human WARRIOR2 урон: 5
2017-05-31 14:39:50,466 [ INFO] - ======================================================
2017-05-31 14:39:50,466 [ INFO] - Атака 5-я. Атакует отряд HUMAN
2017-05-31 14:39:50,466 [ INFO] - ======================================================
2017-05-31 14:39:50,467 [ INFO] - Ход 33-й 
2017-05-31 14:39:50,467 [ INFO] - Human WARRIOR4 атаковал мечом Undead Zombie4 урон: 18
2017-05-31 14:39:50,467 [ INFO] - Ход 34-й 
2017-05-31 14:39:50,467 [ INFO] - Human WARRIOR3 атаковал мечом Undead Zombie1 урон: 18
2017-05-31 14:39:50,467 [ INFO] - Ход 35-й 
2017-05-31 14:39:50,467 [ INFO] - Human Crossbowman3 пронзил стрелой Undead Hunter1 урон: 5
2017-05-31 14:39:50,468 [ INFO] - Ход 36-й 
2017-05-31 14:39:50,468 [ INFO] - Human Crossbowman2 пронзил стрелой Undead Hunter2 урон: 5
2017-05-31 14:39:50,468 [ INFO] - Ход 37-й 
2017-05-31 14:39:50,468 [ INFO] - Human WARRIOR1 атаковал мечом Undead Hunter3 урон: 18
2017-05-31 14:39:50,468 [ INFO] - Ход 38-й 
2017-05-31 14:39:50,468 [ INFO] - Human WARRIOR2 атаковал мечом Undead Hunter3 урон: 18
2017-05-31 14:39:50,469 [ INFO] - Ход 39-й 
2017-05-31 14:39:50,469 [ INFO] - Human MAG атаковал магией Undead Hunter2 урон: 4
2017-05-31 14:39:50,469 [ INFO] - Ход 40-й 
2017-05-31 14:39:50,469 [ INFO] - Human Crossbowman1 пронзил стрелой Undead Hunter3 урон: 5
2017-05-31 14:39:50,469 [ INFO] - ======================================================
2017-05-31 14:39:50,469 [ INFO] - Атака 6-я. Атакует отряд UNDEAD
2017-05-31 14:39:50,469 [ INFO] - ======================================================
2017-05-31 14:39:50,470 [ INFO] - Ход 41-й 
2017-05-31 14:39:50,470 [ INFO] - Undead Zombie1 атаковал копьем Human WARRIOR2 урон: 18
2017-05-31 14:39:50,470 [ INFO] - Ход 42-й 
2017-05-31 14:39:50,470 [ INFO] - Undead Zombie4 атаковал копьем Human Crossbowman2 урон: 18
2017-05-31 14:39:50,470 [ INFO] - Ход 43-й 
2017-05-31 14:39:50,472 [ INFO] - Undead Hunter3 пронзил стрелой Human WARRIOR3 урон: 4
2017-05-31 14:39:50,473 [ INFO] - Ход 44-й 
2017-05-31 14:39:50,473 [ INFO] - Undead Hunter2 атаковал Human WARRIOR2 урон: 2
2017-05-31 14:39:50,473 [ INFO] - Ход 45-й 
2017-05-31 14:39:50,473 [ INFO] - Undead Hunter1 атаковал Human WARRIOR4 урон: 2
2017-05-31 14:39:50,474 [ INFO] - Ход 46-й 
2017-05-31 14:39:50,474 [ INFO] - Undead Zombie2 атаковал копьем Human MAG урон: 18
2017-05-31 14:39:50,474 [ INFO] - Ход 47-й 
2017-05-31 14:39:50,474 [ INFO] - Undead Zombie3 атаковал копьем Human Crossbowman2 урон: 18
2017-05-31 14:39:50,474 [ INFO] - Ход 48-й 
2017-05-31 14:39:50,475 [ INFO] - Undead Necromancer наслал недуг на Human Crossbowman1
2017-05-31 14:39:50,475 [ INFO] - ======================================================
2017-05-31 14:39:50,475 [ INFO] - Атака 7-я. Атакует отряд HUMAN
2017-05-31 14:39:50,475 [ INFO] - ======================================================
2017-05-31 14:39:50,476 [ INFO] - Ход 49-й 
2017-05-31 14:39:50,476 [ INFO] - Human Crossbowman3 атаковал Undead Zombie4 урон: 3
2017-05-31 14:39:50,477 [ INFO] - Ход 50-й 
2017-05-31 14:39:50,478 [ INFO] - Human Crossbowman2 пронзил стрелой Undead Hunter2 урон: 5
2017-05-31 14:39:50,478 [ INFO] - Ход 51-й 
2017-05-31 14:39:50,478 [ INFO] - Human WARRIOR1 атаковал мечом Undead Zombie2 урон: 18
2017-05-31 14:39:50,478 [ INFO] - Ход 52-й 
2017-05-31 14:39:50,478 [ INFO] - Human WARRIOR3 атаковал мечом Undead Zombie2 урон: 18
2017-05-31 14:39:50,478 [ INFO] - Ход 53-й 
2017-05-31 14:39:50,478 [ INFO] - Human WARRIOR4 атаковал мечом Undead Hunter1 урон: 18
2017-05-31 14:39:50,478 [ INFO] - Ход 54-й 
2017-05-31 14:39:50,479 [ INFO] - Human WARRIOR2 атаковал мечом Undead Zombie2 урон: 18
2017-05-31 14:39:50,479 [ INFO] - Ход 55-й 
2017-05-31 14:39:50,479 [ INFO] - Human Crossbowman1 пронзил стрелой Undead Zombie4 урон: 2
2017-05-31 14:39:50,479 [ INFO] - Ход 56-й 
2017-05-31 14:39:50,479 [ INFO] - Human MAG улучшил Human Crossbowman2
2017-05-31 14:39:50,479 [ INFO] - ======================================================
2017-05-31 14:39:50,479 [ INFO] - Атака 8-я. Атакует отряд UNDEAD
2017-05-31 14:39:50,480 [ INFO] - ======================================================
2017-05-31 14:39:50,480 [ INFO] - Ход 57-й 
2017-05-31 14:39:50,480 [ INFO] - Undead Zombie1 атаковал копьем Human Crossbowman2 урон: 18
2017-05-31 14:39:50,480 [ INFO] - Ход 58-й 
2017-05-31 14:39:50,480 [ INFO] - Undead Zombie2 атаковал копьем Human Crossbowman2 урон: 18
2017-05-31 14:39:50,480 [ INFO] - Ход 59-й 
2017-05-31 14:39:50,481 [ INFO] - Undead Necromancer наслал недуг на Human Crossbowman2
2017-05-31 14:39:50,481 [ INFO] - Ход 60-й 
2017-05-31 14:39:50,481 [ INFO] - Undead Hunter3 пронзил стрелой Human Crossbowman2 урон: 4
2017-05-31 14:39:50,481 [ INFO] - Ход 61-й 
2017-05-31 14:39:50,481 [ INFO] - Undead Zombie4 атаковал копьем Human Crossbowman2 урон: 18
2017-05-31 14:39:50,481 [ INFO] - Ход 62-й 
2017-05-31 14:39:50,482 [ INFO] - Undead Hunter1 атаковал Human WARRIOR2 урон: 2
2017-05-31 14:39:50,482 [ INFO] - Ход 63-й 
2017-05-31 14:39:50,482 [ INFO] - Undead Hunter2 пронзил стрелой Human Crossbowman2 урон: 4. Human Crossbowman2 убит.
2017-05-31 14:39:50,482 [ INFO] - Ход 64-й 
2017-05-31 14:39:50,482 [ INFO] - Undead Zombie3 атаковал копьем Human WARRIOR2 урон: 18
2017-05-31 14:39:50,482 [ INFO] - ======================================================
2017-05-31 14:39:50,483 [ INFO] - Атака 9-я. Атакует отряд HUMAN
2017-05-31 14:39:50,483 [ INFO] - ======================================================
2017-05-31 14:39:50,483 [ INFO] - Ход 65-й 
2017-05-31 14:39:50,483 [ INFO] - Human Crossbowman1 пронзил стрелой Undead Zombie2 урон: 5
2017-05-31 14:39:50,483 [ INFO] - Ход 66-й 
2017-05-31 14:39:50,483 [ INFO] - Human WARRIOR3 атаковал мечом Undead Zombie4 урон: 18
2017-05-31 14:39:50,483 [ INFO] - Ход 67-й 
2017-05-31 14:39:50,483 [ INFO] - Human WARRIOR2 атаковал мечом Undead Hunter3 урон: 18. Undead Hunter3 убит.
2017-05-31 14:39:50,484 [ INFO] - Ход 68-й 
2017-05-31 14:39:50,484 [ INFO] - Human WARRIOR4 атаковал мечом Undead Necromancer урон: 18
2017-05-31 14:39:50,484 [ INFO] - Ход 69-й 
2017-05-31 14:39:50,484 [ INFO] - Human WARRIOR1 атаковал мечом Undead Hunter1 урон: 18
2017-05-31 14:39:50,484 [ INFO] - Ход 70-й 
2017-05-31 14:39:50,484 [ INFO] - Human MAG атаковал магией Undead Zombie2 урон: 4
2017-05-31 14:39:50,485 [ INFO] - Ход 71-й 
2017-05-31 14:39:50,485 [ INFO] - Human Crossbowman3 пронзил стрелой Undead Necromancer урон: 5
2017-05-31 14:39:50,485 [ INFO] - ======================================================
2017-05-31 14:39:50,485 [ INFO] - Атака 10-я. Атакует отряд UNDEAD
2017-05-31 14:39:50,485 [ INFO] - ======================================================
2017-05-31 14:39:50,485 [ INFO] - Ход 72-й 
2017-05-31 14:39:50,485 [ INFO] - Undead Hunter1 атаковал Human WARRIOR4 урон: 2
2017-05-31 14:39:50,486 [ INFO] - Ход 73-й 
2017-05-31 14:39:50,486 [ INFO] - Undead Hunter2 атаковал Human WARRIOR2 урон: 2
2017-05-31 14:39:50,486 [ INFO] - Ход 74-й 
2017-05-31 14:39:50,486 [ INFO] - Undead Zombie4 атаковал копьем Human WARRIOR2 урон: 18
2017-05-31 14:39:50,486 [ INFO] - Ход 75-й 
2017-05-31 14:39:50,486 [ INFO] - Undead Zombie3 атаковал копьем Human WARRIOR4 урон: 18
2017-05-31 14:39:50,487 [ INFO] - Ход 76-й 
2017-05-31 14:39:50,487 [ INFO] - Undead Zombie1 атаковал копьем Human Crossbowman1 урон: 18
2017-05-31 14:39:50,488 [ INFO] - Ход 77-й 
2017-05-31 14:39:50,488 [ INFO] - Undead Necromancer атаковал магией Human WARRIOR4 урон: 5
2017-05-31 14:39:50,488 [ INFO] - Ход 78-й 
2017-05-31 14:39:50,488 [ INFO] - Undead Zombie2 атаковал копьем Human MAG урон: 18
2017-05-31 14:39:50,488 [ INFO] - ======================================================
2017-05-31 14:39:50,488 [ INFO] - Атака 11-я. Атакует отряд HUMAN
2017-05-31 14:39:50,489 [ INFO] - ======================================================
2017-05-31 14:39:50,489 [ INFO] - Ход 79-й 
2017-05-31 14:39:50,489 [ INFO] - Human WARRIOR3 атаковал мечом Undead Zombie3 урон: 18
2017-05-31 14:39:50,489 [ INFO] - Ход 80-й 
2017-05-31 14:39:50,489 [ INFO] - Human WARRIOR2 атаковал мечом Undead Zombie3 урон: 18
2017-05-31 14:39:50,489 [ INFO] - Ход 81-й 
2017-05-31 14:39:50,490 [ INFO] - Human MAG улучшил Human Crossbowman3
2017-05-31 14:39:50,490 [ INFO] - Ход 82-й 
2017-05-31 14:39:50,490 [ INFO] - Human WARRIOR1 атаковал мечом Undead Zombie3 урон: 18
2017-05-31 14:39:50,490 [ INFO] - Ход 83-й 
2017-05-31 14:39:50,490 [ INFO] - Human Crossbowman3 атаковал Undead Necromancer урон: 4
2017-05-31 14:39:50,490 [ INFO] - Ход 84-й 
2017-05-31 14:39:50,490 [ INFO] - Human WARRIOR4 атаковал мечом Undead Zombie2 урон: 18
2017-05-31 14:39:50,492 [ INFO] - Ход 85-й 
2017-05-31 14:39:50,493 [ INFO] - Human Crossbowman1 пронзил стрелой Undead Hunter1 урон: 5
2017-05-31 14:39:50,493 [ INFO] - ======================================================
2017-05-31 14:39:50,493 [ INFO] - Атака 12-я. Атакует отряд UNDEAD
2017-05-31 14:39:50,493 [ INFO] - ======================================================
2017-05-31 14:39:50,493 [ INFO] - Ход 86-й 
2017-05-31 14:39:50,493 [ INFO] - Undead Zombie4 атаковал копьем Human Crossbowman3 урон: 18
2017-05-31 14:39:50,493 [ INFO] - Ход 87-й 
2017-05-31 14:39:50,494 [ INFO] - Undead Zombie1 атаковал копьем Human WARRIOR2 урон: 18. Human WARRIOR2 убит.
2017-05-31 14:39:50,494 [ INFO] - Ход 88-й 
2017-05-31 14:39:50,494 [ INFO] - Undead Hunter2 пронзил стрелой Human WARRIOR4 урон: 4
2017-05-31 14:39:50,494 [ INFO] - Ход 89-й 
2017-05-31 14:39:50,494 [ INFO] - Undead Zombie3 атаковал копьем Human Crossbowman3 урон: 18
2017-05-31 14:39:50,494 [ INFO] - Ход 90-й 
2017-05-31 14:39:50,495 [ INFO] - Undead Necromancer наслал недуг на Human Crossbowman3
2017-05-31 14:39:50,495 [ INFO] - Ход 91-й 
2017-05-31 14:39:50,495 [ INFO] - Undead Zombie2 атаковал копьем Human WARRIOR1 урон: 18
2017-05-31 14:39:50,495 [ INFO] - Ход 92-й 
2017-05-31 14:39:50,495 [ INFO] - Undead Hunter1 атаковал Human WARRIOR4 урон: 2
2017-05-31 14:39:50,495 [ INFO] - ======================================================
2017-05-31 14:39:50,495 [ INFO] - Атака 13-я. Атакует отряд HUMAN
2017-05-31 14:39:50,496 [ INFO] - ======================================================
2017-05-31 14:39:50,496 [ INFO] - Ход 93-й 
2017-05-31 14:39:50,496 [ INFO] - Human Crossbowman3 пронзил стрелой Undead Necromancer урон: 3
2017-05-31 14:39:50,496 [ INFO] - Ход 94-й 
2017-05-31 14:39:50,496 [ INFO] - Human WARRIOR1 атаковал мечом Undead Zombie2 урон: 18. Undead Zombie2 убит.
2017-05-31 14:39:50,496 [ INFO] - Ход 95-й 
2017-05-31 14:39:50,496 [ INFO] - Human WARRIOR4 атаковал мечом Undead Hunter1 урон: 18
2017-05-31 14:39:50,496 [ INFO] - Ход 96-й 
2017-05-31 14:39:50,496 [ INFO] - Human Crossbowman1 пронзил стрелой Undead Necromancer урон: 5
2017-05-31 14:39:50,497 [ INFO] - Ход 97-й 
2017-05-31 14:39:50,497 [ INFO] - Human WARRIOR3 атаковал мечом Undead Zombie1 урон: 18
2017-05-31 14:39:50,497 [ INFO] - Ход 98-й 
2017-05-31 14:39:50,498 [ INFO] - Human MAG улучшил Human Crossbowman1
2017-05-31 14:39:50,498 [ INFO] - ======================================================
2017-05-31 14:39:50,498 [ INFO] - Атака 14-я. Атакует отряд UNDEAD
2017-05-31 14:39:50,498 [ INFO] - ======================================================
2017-05-31 14:39:50,498 [ INFO] - Ход 99-й 
2017-05-31 14:39:50,498 [ INFO] - Undead Zombie4 атаковал копьем Human WARRIOR3 урон: 18
2017-05-31 14:39:50,498 [ INFO] - Ход 100-й 
2017-05-31 14:39:50,499 [ INFO] - Undead Necromancer атаковал магией Human Crossbowman3 урон: 5
2017-05-31 14:39:50,499 [ INFO] - Ход 101-й 
2017-05-31 14:39:50,499 [ INFO] - Undead Zombie1 атаковал копьем Human Crossbowman3 урон: 18
2017-05-31 14:39:50,499 [ INFO] - Ход 102-й 
2017-05-31 14:39:50,499 [ INFO] - Undead Hunter2 пронзил стрелой Human WARRIOR4 урон: 4
2017-05-31 14:39:50,499 [ INFO] - Ход 103-й 
2017-05-31 14:39:50,500 [ INFO] - Undead Hunter1 пронзил стрелой Human Crossbowman1 урон: 4
2017-05-31 14:39:50,500 [ INFO] - Ход 104-й 
2017-05-31 14:39:50,500 [ INFO] - Undead Zombie3 атаковал копьем Human Crossbowman1 урон: 18
2017-05-31 14:39:50,500 [ INFO] - ======================================================
2017-05-31 14:39:50,500 [ INFO] - Атака 15-я. Атакует отряд HUMAN
2017-05-31 14:39:50,500 [ INFO] - ======================================================
2017-05-31 14:39:50,500 [ INFO] - Ход 105-й 
2017-05-31 14:39:50,500 [ INFO] - Human Crossbowman1 пронзил стрелой Undead Necromancer урон: 7
2017-05-31 14:39:50,501 [ INFO] - Ход 106-й 
2017-05-31 14:39:50,501 [ INFO] - Human WARRIOR1 атаковал мечом Undead Zombie1 урон: 18
2017-05-31 14:39:50,501 [ INFO] - Ход 107-й 
2017-05-31 14:39:50,501 [ INFO] - Human WARRIOR3 атаковал мечом Undead Hunter2 урон: 18
2017-05-31 14:39:50,501 [ INFO] - Ход 108-й 
2017-05-31 14:39:50,501 [ INFO] - Human Crossbowman3 атаковал Undead Hunter1 урон: 3
2017-05-31 14:39:50,501 [ INFO] - Ход 109-й 
2017-05-31 14:39:50,501 [ INFO] - Human WARRIOR4 атаковал мечом Undead Hunter2 урон: 18
2017-05-31 14:39:50,502 [ INFO] - Ход 110-й 
2017-05-31 14:39:50,502 [ INFO] - Human MAG атаковал магией Undead Hunter2 урон: 4
2017-05-31 14:39:50,502 [ INFO] - ======================================================
2017-05-31 14:39:50,502 [ INFO] - Атака 16-я. Атакует отряд UNDEAD
2017-05-31 14:39:50,502 [ INFO] - ======================================================
2017-05-31 14:39:50,502 [ INFO] - Ход 111-й 
2017-05-31 14:39:50,502 [ INFO] - Undead Necromancer атаковал магией Human WARRIOR1 урон: 5
2017-05-31 14:39:50,503 [ INFO] - Ход 112-й 
2017-05-31 14:39:50,503 [ INFO] - Undead Hunter1 пронзил стрелой Human Crossbowman3 урон: 4
2017-05-31 14:39:50,503 [ INFO] - Ход 113-й 
2017-05-31 14:39:50,503 [ INFO] - Undead Hunter2 пронзил стрелой Human WARRIOR4 урон: 4
2017-05-31 14:39:50,503 [ INFO] - Ход 114-й 
2017-05-31 14:39:50,506 [ INFO] - Undead Zombie3 атаковал копьем Human Crossbowman3 урон: 18. Human Crossbowman3 убит.
2017-05-31 14:39:50,506 [ INFO] - Ход 115-й 
2017-05-31 14:39:50,506 [ INFO] - Undead Zombie4 атаковал копьем Human WARRIOR1 урон: 18
2017-05-31 14:39:50,507 [ INFO] - Ход 116-й 
2017-05-31 14:39:50,507 [ INFO] - Undead Zombie1 атаковал копьем Human WARRIOR3 урон: 18
2017-05-31 14:39:50,507 [ INFO] - ======================================================
2017-05-31 14:39:50,507 [ INFO] - Атака 17-я. Атакует отряд HUMAN
2017-05-31 14:39:50,507 [ INFO] - ======================================================
2017-05-31 14:39:50,507 [ INFO] - Ход 117-й 
2017-05-31 14:39:50,507 [ INFO] - Human Crossbowman1 пронзил стрелой Undead Zombie4 урон: 5
2017-05-31 14:39:50,507 [ INFO] - Ход 118-й 
2017-05-31 14:39:50,508 [ INFO] - Human WARRIOR4 атаковал мечом Undead Hunter1 урон: 18. Undead Hunter1 убит.
2017-05-31 14:39:50,508 [ INFO] - Ход 119-й 
2017-05-31 14:39:50,508 [ INFO] - Human WARRIOR1 атаковал мечом Undead Zombie3 урон: 18
2017-05-31 14:39:50,508 [ INFO] - Ход 120-й 
2017-05-31 14:39:50,508 [ INFO] - Human MAG улучшил Human WARRIOR4
2017-05-31 14:39:50,508 [ INFO] - Ход 121-й 
2017-05-31 14:39:50,508 [ INFO] - Human WARRIOR3 атаковал мечом Undead Zombie4 урон: 18
2017-05-31 14:39:50,509 [ INFO] - ======================================================
2017-05-31 14:39:50,509 [ INFO] - Атака 18-я. Атакует отряд UNDEAD
2017-05-31 14:39:50,509 [ INFO] - ======================================================
2017-05-31 14:39:50,509 [ INFO] - Ход 122-й 
2017-05-31 14:39:50,509 [ INFO] - Undead Hunter2 атаковал Human WARRIOR4 урон: 2
2017-05-31 14:39:50,509 [ INFO] - Ход 123-й 
2017-05-31 14:39:50,509 [ INFO] - Undead Zombie1 атаковал копьем Human WARRIOR4 урон: 18
2017-05-31 14:39:50,511 [ INFO] - Ход 124-й 
2017-05-31 14:39:50,511 [ INFO] - Undead Zombie3 атаковал копьем Human Crossbowman1 урон: 18
2017-05-31 14:39:50,512 [ INFO] - Ход 125-й 
2017-05-31 14:39:50,512 [ INFO] - Undead Necromancer наслал недуг на Human WARRIOR4
2017-05-31 14:39:50,512 [ INFO] - Ход 126-й 
2017-05-31 14:39:50,512 [ INFO] - Undead Zombie4 атаковал копьем Human MAG урон: 18
2017-05-31 14:39:50,512 [ INFO] - ======================================================
2017-05-31 14:39:50,512 [ INFO] - Атака 19-я. Атакует отряд HUMAN
2017-05-31 14:39:50,513 [ INFO] - ======================================================
2017-05-31 14:39:50,513 [ INFO] - Ход 127-й 
2017-05-31 14:39:50,513 [ INFO] - Human WARRIOR4 атаковал мечом Undead Hunter2 урон: 13. Undead Hunter2 убит.
2017-05-31 14:39:50,513 [ INFO] - Ход 128-й 
2017-05-31 14:39:50,513 [ INFO] - Human WARRIOR3 атаковал мечом Undead Zombie3 урон: 18. Undead Zombie3 убит.
2017-05-31 14:39:50,513 [ INFO] - Ход 129-й 
2017-05-31 14:39:50,514 [ INFO] - Human WARRIOR1 атаковал мечом Undead Zombie4 урон: 18
2017-05-31 14:39:50,514 [ INFO] - Ход 130-й 
2017-05-31 14:39:50,514 [ INFO] - Human MAG атаковал магией Undead Necromancer урон: 4
2017-05-31 14:39:50,514 [ INFO] - Ход 131-й 
2017-05-31 14:39:50,514 [ INFO] - Human Crossbowman1 пронзил стрелой Undead Necromancer урон: 5
2017-05-31 14:39:50,514 [ INFO] - ======================================================
2017-05-31 14:39:50,515 [ INFO] - Атака 20-я. Атакует отряд UNDEAD
2017-05-31 14:39:50,515 [ INFO] - ======================================================
2017-05-31 14:39:50,515 [ INFO] - Ход 132-й 
2017-05-31 14:39:50,515 [ INFO] - Undead Zombie1 атаковал копьем Human WARRIOR3 урон: 18
2017-05-31 14:39:50,518 [ INFO] - Ход 133-й 
2017-05-31 14:39:50,518 [ INFO] - Undead Necromancer атаковал магией Human WARRIOR1 урон: 5. Human WARRIOR1 убит.
2017-05-31 14:39:50,519 [ INFO] - Ход 134-й 
2017-05-31 14:39:50,519 [ INFO] - Undead Zombie4 атаковал копьем Human WARRIOR3 урон: 18
2017-05-31 14:39:50,519 [ INFO] - ======================================================
2017-05-31 14:39:50,519 [ INFO] - Атака 21-я. Атакует отряд HUMAN
2017-05-31 14:39:50,519 [ INFO] - ======================================================
2017-05-31 14:39:50,519 [ INFO] - Ход 135-й 
2017-05-31 14:39:50,519 [ INFO] - Human WARRIOR4 атаковал мечом Undead Zombie4 урон: 18. Undead Zombie4 убит.
2017-05-31 14:39:50,520 [ INFO] - Ход 136-й 
2017-05-31 14:39:50,520 [ INFO] - Human Crossbowman1 пронзил стрелой Undead Zombie1 урон: 5
2017-05-31 14:39:50,520 [ INFO] - Ход 137-й 
2017-05-31 14:39:50,520 [ INFO] - Human MAG улучшил Human Crossbowman1
2017-05-31 14:39:50,520 [ INFO] - Ход 138-й 
2017-05-31 14:39:50,520 [ INFO] - Human WARRIOR3 атаковал мечом Undead Necromancer урон: 18
2017-05-31 14:39:50,520 [ INFO] - ======================================================
2017-05-31 14:39:50,521 [ INFO] - Атака 22-я. Атакует отряд UNDEAD
2017-05-31 14:39:50,521 [ INFO] - ======================================================
2017-05-31 14:39:50,521 [ INFO] - Ход 139-й 
2017-05-31 14:39:50,521 [ INFO] - Undead Necromancer наслал недуг на Human Crossbowman1
2017-05-31 14:39:50,521 [ INFO] - Ход 140-й 
2017-05-31 14:39:50,521 [ INFO] - Undead Zombie1 атаковал копьем Human Crossbowman1 урон: 18
2017-05-31 14:39:50,525 [ INFO] - ======================================================
2017-05-31 14:39:50,525 [ INFO] - Атака 23-я. Атакует отряд HUMAN
2017-05-31 14:39:50,525 [ INFO] - ======================================================
2017-05-31 14:39:50,526 [ INFO] - Ход 141-й 
2017-05-31 14:39:50,526 [ INFO] - Human Crossbowman1 пронзил стрелой Undead Necromancer урон: 3
2017-05-31 14:39:50,526 [ INFO] - Ход 142-й 
2017-05-31 14:39:50,526 [ INFO] - Human MAG улучшил Human WARRIOR4
2017-05-31 14:39:50,526 [ INFO] - Ход 143-й 
2017-05-31 14:39:50,526 [ INFO] - Human WARRIOR3 атаковал мечом Undead Necromancer урон: 18
2017-05-31 14:39:50,526 [ INFO] - Ход 144-й 
2017-05-31 14:39:50,526 [ INFO] - Human WARRIOR4 атаковал мечом Undead Necromancer урон: 27. Undead Necromancer убит.
2017-05-31 14:39:50,527 [ INFO] - ======================================================
2017-05-31 14:39:50,527 [ INFO] - Атака 24-я. Атакует отряд UNDEAD
2017-05-31 14:39:50,527 [ INFO] - ======================================================
2017-05-31 14:39:50,533 [ INFO] - Ход 145-й 
2017-05-31 14:39:50,534 [ INFO] - Undead Zombie1 атаковал копьем Human WARRIOR4 урон: 18. Human WARRIOR4 убит.
2017-05-31 14:39:50,534 [ INFO] - ======================================================
2017-05-31 14:39:50,534 [ INFO] - Атака 25-я. Атакует отряд HUMAN
2017-05-31 14:39:50,534 [ INFO] - ======================================================
2017-05-31 14:39:50,534 [ INFO] - Ход 146-й 
2017-05-31 14:39:50,534 [ INFO] - Human WARRIOR3 атаковал мечом Undead Zombie1 урон: 18. Undead Zombie1 убит.
2017-05-31 14:39:50,534 [ INFO] - ======================================================
2017-05-31 14:39:50,534 [ INFO] - Бой окончен!
2017-05-31 14:39:50,535 [ INFO] - Победили HUMAN
2017-05-31 14:39:50,535 [ INFO] - ======================================================
2017-05-31 14:39:50,535 [ INFO] - Статистика боя:
2017-05-31 14:39:50,535 [ INFO] - ======================================================
2017-05-31 14:39:50,535 [ INFO] - Кол-во совершонных атак: 25
2017-05-31 14:39:50,535 [ INFO] - Кол-во совершонных атак отрядом HUMAN : 13
2017-05-31 14:39:50,535 [ INFO] - Кол-во совершонных атак отрядом UNDEAD : 12
2017-05-31 14:39:50,535 [ INFO] - ======================================================
2017-05-31 14:39:50,536 [ INFO] - Кол-во совершонных ходов: 146
2017-05-31 14:39:50,536 [ INFO] - Кол-во ходов отрядом HUMAN : 77
2017-05-31 14:39:50,536 [ INFO] - Кол-во ходов отрядом UNDEAD : 69
2017-05-31 14:39:50,536 [ INFO] - ======================================================
