2017-05-31 14:17:28,365 [ INFO] - Выбор расс...
2017-05-31 14:17:28,375 [ INFO] - ======================================================
2017-05-31 14:17:28,375 [ INFO] - ELVES против UNDEAD
2017-05-31 14:17:28,375 [ INFO] - ======================================================
2017-05-31 14:17:28,375 [ INFO] - Создание отряда ELVES
2017-05-31 14:17:28,375 [ INFO] - Создан Elf MAG
2017-05-31 14:17:28,375 [ INFO] - Создан Elf ARCHER1
2017-05-31 14:17:28,375 [ INFO] - Создан Elf ARCHER2
2017-05-31 14:17:28,375 [ INFO] - Создан Elf ARCHER3
2017-05-31 14:17:28,375 [ INFO] - Создан Elf WARRIOR1
2017-05-31 14:17:28,375 [ INFO] - Создан Elf WARRIOR2
2017-05-31 14:17:28,375 [ INFO] - Создан Elf WARRIOR3
2017-05-31 14:17:28,375 [ INFO] - Создан Elf WARRIOR4
2017-05-31 14:17:28,385 [ INFO] - ======================================================
2017-05-31 14:17:28,385 [ INFO] - Создание отряда UNDEAD
2017-05-31 14:17:28,385 [ INFO] - Создан Undead Necromancer
2017-05-31 14:17:28,385 [ INFO] - Создан Undead Hunter1
2017-05-31 14:17:28,385 [ INFO] - Создан Undead Hunter2
2017-05-31 14:17:28,385 [ INFO] - Создан Undead Hunter3
2017-05-31 14:17:28,385 [ INFO] - Создан Undead Zombie1
2017-05-31 14:17:28,385 [ INFO] - Создан Undead Zombie2
2017-05-31 14:17:28,385 [ INFO] - Создан Undead Zombie3
2017-05-31 14:17:28,385 [ INFO] - Создан Undead Zombie4
2017-05-31 14:17:28,385 [ INFO] - ======================================================
2017-05-31 14:17:28,385 [ INFO] - Атака 1-я. Атакует отряд UNDEAD
2017-05-31 14:17:28,385 [ INFO] - ======================================================
2017-05-31 14:17:28,385 [ INFO] - Ход 1-й 
2017-05-31 14:17:28,385 [ INFO] - Undead Zombie1 атаковал копьем Elf WARRIOR1 урон: 18
2017-05-31 14:17:28,385 [ INFO] - Ход 2-й 
2017-05-31 14:17:28,385 [ INFO] - Undead Zombie3 атаковал копьем Elf WARRIOR3 урон: 18
2017-05-31 14:17:28,385 [ INFO] - Ход 3-й 
2017-05-31 14:17:28,385 [ INFO] - Undead Zombie2 атаковал копьем Elf WARRIOR4 урон: 18
2017-05-31 14:17:28,385 [ INFO] - Ход 4-й 
2017-05-31 14:17:28,385 [ INFO] - Undead Zombie4 атаковал копьем Elf ARCHER1 урон: 18
2017-05-31 14:17:28,385 [ INFO] - Ход 5-й 
2017-05-31 14:17:28,385 [ INFO] - Undead Hunter2 атаковал Elf WARRIOR2 урон: 2
2017-05-31 14:17:28,385 [ INFO] - Ход 6-й 
2017-05-31 14:17:28,385 [ INFO] - Undead Hunter1 атаковал Elf ARCHER3 урон: 2
2017-05-31 14:17:28,385 [ INFO] - Ход 7-й 
2017-05-31 14:17:28,385 [ INFO] - Undead Necromancer атаковал магией Elf WARRIOR3 урон: 5
2017-05-31 14:17:28,385 [ INFO] - Ход 8-й 
2017-05-31 14:17:28,385 [ INFO] - Undead Hunter3 пронзил стрелой Elf WARRIOR4 урон: 4
2017-05-31 14:17:28,385 [ INFO] - ======================================================
2017-05-31 14:17:28,385 [ INFO] - Атака 2-я. Атакует отряд ELVES
2017-05-31 14:17:28,385 [ INFO] - ======================================================
2017-05-31 14:17:28,385 [ INFO] - Ход 9-й 
2017-05-31 14:17:28,385 [ INFO] - Elf WARRIOR1 атаковал мечом Undead Zombie2 урон: 15
2017-05-31 14:17:28,385 [ INFO] - Ход 10-й 
2017-05-31 14:17:28,385 [ INFO] - Elf ARCHER1 пронзил стрелой Undead Hunter3 урон: 7
2017-05-31 14:17:28,385 [ INFO] - Ход 11-й 
2017-05-31 14:17:28,385 [ INFO] - Elf WARRIOR4 атаковал мечом Undead Hunter3 урон: 15
2017-05-31 14:17:28,385 [ INFO] - Ход 12-й 
2017-05-31 14:17:28,395 [ INFO] - Elf WARRIOR3 атаковал мечом Undead Zombie3 урон: 15
2017-05-31 14:17:28,395 [ INFO] - Ход 13-й 
2017-05-31 14:17:28,395 [ INFO] - Elf ARCHER2 атаковал Undead Hunter2 урон: 3
2017-05-31 14:17:28,395 [ INFO] - Ход 14-й 
2017-05-31 14:17:28,395 [ INFO] - Elf ARCHER3 атаковал Undead Hunter2 урон: 3
2017-05-31 14:17:28,395 [ INFO] - Ход 15-й 
2017-05-31 14:17:28,395 [ INFO] - Elf MAG улучшил Elf ARCHER1
2017-05-31 14:17:28,395 [ INFO] - Ход 16-й 
2017-05-31 14:17:28,395 [ INFO] - Elf WARRIOR2 атаковал мечом Undead Zombie3 урон: 15
2017-05-31 14:17:28,395 [ INFO] - ======================================================
2017-05-31 14:17:28,395 [ INFO] - Атака 3-я. Атакует отряд UNDEAD
2017-05-31 14:17:28,395 [ INFO] - ======================================================
2017-05-31 14:17:28,395 [ INFO] - Ход 17-й 
2017-05-31 14:17:28,395 [ INFO] - Undead Zombie4 атаковал копьем Elf WARRIOR2 урон: 18
2017-05-31 14:17:28,395 [ INFO] - Ход 18-й 
2017-05-31 14:17:28,395 [ INFO] - Undead Necromancer наслал недуг на Elf ARCHER2
2017-05-31 14:17:28,395 [ INFO] - Ход 19-й 
2017-05-31 14:17:28,395 [ INFO] - Undead Zombie1 атаковал копьем Elf ARCHER1 урон: 18
2017-05-31 14:17:28,395 [ INFO] - Ход 20-й 
2017-05-31 14:17:28,395 [ INFO] - Undead Hunter2 атаковал Elf ARCHER1 урон: 2
2017-05-31 14:17:28,395 [ INFO] - Ход 21-й 
2017-05-31 14:17:28,395 [ INFO] - Undead Hunter1 атаковал Elf ARCHER2 урон: 2
2017-05-31 14:17:28,395 [ INFO] - Ход 22-й 
2017-05-31 14:17:28,395 [ INFO] - Undead Hunter3 пронзил стрелой Elf WARRIOR4 урон: 4
2017-05-31 14:17:28,395 [ INFO] - Ход 23-й 
2017-05-31 14:17:28,395 [ INFO] - Undead Zombie2 атаковал копьем Elf ARCHER1 урон: 18
2017-05-31 14:17:28,395 [ INFO] - Ход 24-й 
2017-05-31 14:17:28,395 [ INFO] - Undead Zombie3 атаковал копьем Elf ARCHER3 урон: 18
2017-05-31 14:17:28,395 [ INFO] - ======================================================
2017-05-31 14:17:28,395 [ INFO] - Атака 4-я. Атакует отряд ELVES
2017-05-31 14:17:28,395 [ INFO] - ======================================================
2017-05-31 14:17:28,395 [ INFO] - Ход 25-й 
2017-05-31 14:17:28,395 [ INFO] - Elf ARCHER1 атаковал Undead Zombie2 урон: 4
2017-05-31 14:17:28,395 [ INFO] - Ход 26-й 
2017-05-31 14:17:28,395 [ INFO] - Elf WARRIOR3 атаковал мечом Undead Hunter2 урон: 15
2017-05-31 14:17:28,395 [ INFO] - Ход 27-й 
2017-05-31 14:17:28,395 [ INFO] - Elf ARCHER3 пронзил стрелой Undead Necromancer урон: 7
2017-05-31 14:17:28,395 [ INFO] - Ход 28-й 
2017-05-31 14:17:28,395 [ INFO] - Elf WARRIOR4 атаковал мечом Undead Zombie3 урон: 15
2017-05-31 14:17:28,395 [ INFO] - Ход 29-й 
2017-05-31 14:17:28,395 [ INFO] - Elf ARCHER2 пронзил стрелой Undead Hunter3 урон: 3
2017-05-31 14:17:28,395 [ INFO] - Ход 30-й 
2017-05-31 14:17:28,395 [ INFO] - Elf MAG улучшил Elf ARCHER1
2017-05-31 14:17:28,395 [ INFO] - Ход 31-й 
2017-05-31 14:17:28,395 [ INFO] - Elf WARRIOR1 атаковал мечом Undead Hunter2 урон: 15
2017-05-31 14:17:28,395 [ INFO] - Ход 32-й 
2017-05-31 14:17:28,395 [ INFO] - Elf WARRIOR2 атаковал мечом Undead Hunter1 урон: 15
2017-05-31 14:17:28,395 [ INFO] - ======================================================
2017-05-31 14:17:28,395 [ INFO] - Атака 5-я. Атакует отряд UNDEAD
2017-05-31 14:17:28,395 [ INFO] - ======================================================
2017-05-31 14:17:28,395 [ INFO] - Ход 33-й 
2017-05-31 14:17:28,395 [ INFO] - Undead Zombie1 атаковал копьем Elf ARCHER3 урон: 18
2017-05-31 14:17:28,405 [ INFO] - Ход 34-й 
2017-05-31 14:17:28,405 [ INFO] - Undead Necromancer атаковал магией Elf WARRIOR3 урон: 5
2017-05-31 14:17:28,405 [ INFO] - Ход 35-й 
2017-05-31 14:17:28,405 [ INFO] - Undead Hunter2 атаковал Elf ARCHER1 урон: 2
2017-05-31 14:17:28,405 [ INFO] - Ход 36-й 
2017-05-31 14:17:28,405 [ INFO] - Undead Hunter1 атаковал Elf ARCHER2 урон: 2
2017-05-31 14:17:28,405 [ INFO] - Ход 37-й 
2017-05-31 14:17:28,405 [ INFO] - Undead Hunter3 атаковал Elf WARRIOR3 урон: 2
2017-05-31 14:17:28,405 [ INFO] - Ход 38-й 
2017-05-31 14:17:28,405 [ INFO] - Undead Zombie2 атаковал копьем Elf ARCHER1 урон: 18
2017-05-31 14:17:28,405 [ INFO] - Ход 39-й 
2017-05-31 14:17:28,405 [ INFO] - Undead Zombie3 атаковал копьем Elf WARRIOR1 урон: 18
2017-05-31 14:17:28,405 [ INFO] - Ход 40-й 
2017-05-31 14:17:28,405 [ INFO] - Undead Zombie4 атаковал копьем Elf WARRIOR1 урон: 18
2017-05-31 14:17:28,405 [ INFO] - ======================================================
2017-05-31 14:17:28,405 [ INFO] - Атака 6-я. Атакует отряд ELVES
2017-05-31 14:17:28,405 [ INFO] - ======================================================
2017-05-31 14:17:28,405 [ INFO] - Ход 41-й 
2017-05-31 14:17:28,405 [ INFO] - Elf ARCHER1 пронзил стрелой Undead Necromancer урон: 10
2017-05-31 14:17:28,405 [ INFO] - Ход 42-й 
2017-05-31 14:17:28,405 [ INFO] - Elf MAG улучшил Elf WARRIOR3
2017-05-31 14:17:28,405 [ INFO] - Ход 43-й 
2017-05-31 14:17:28,405 [ INFO] - Elf WARRIOR4 атаковал мечом Undead Zombie2 урон: 15
2017-05-31 14:17:28,405 [ INFO] - Ход 44-й 
2017-05-31 14:17:28,405 [ INFO] - Elf ARCHER3 пронзил стрелой Undead Zombie2 урон: 7
2017-05-31 14:17:28,405 [ INFO] - Ход 45-й 
2017-05-31 14:17:28,405 [ INFO] - Elf WARRIOR2 атаковал мечом Undead Zombie2 урон: 15
2017-05-31 14:17:28,405 [ INFO] - Ход 46-й 
2017-05-31 14:17:28,405 [ INFO] - Elf WARRIOR1 атаковал мечом Undead Zombie1 урон: 15
2017-05-31 14:17:28,405 [ INFO] - Ход 47-й 
2017-05-31 14:17:28,405 [ INFO] - Elf WARRIOR3 атаковал мечом Undead Zombie4 урон: 22
2017-05-31 14:17:28,405 [ INFO] - Ход 48-й 
2017-05-31 14:17:28,405 [ INFO] - Elf ARCHER2 пронзил стрелой Undead Zombie3 урон: 7
2017-05-31 14:17:28,405 [ INFO] - ======================================================
2017-05-31 14:17:28,405 [ INFO] - Атака 7-я. Атакует отряд UNDEAD
2017-05-31 14:17:28,405 [ INFO] - ======================================================
2017-05-31 14:17:28,405 [ INFO] - Ход 49-й 
2017-05-31 14:17:28,405 [ INFO] - Undead Necromancer наслал недуг на Elf MAG
2017-05-31 14:17:28,405 [ INFO] - Ход 50-й 
2017-05-31 14:17:28,405 [ INFO] - Undead Hunter2 атаковал Elf WARRIOR3 урон: 2
2017-05-31 14:17:28,405 [ INFO] - Ход 51-й 
2017-05-31 14:17:28,405 [ INFO] - Undead Zombie2 атаковал копьем Elf WARRIOR3 урон: 18
2017-05-31 14:17:28,405 [ INFO] - Ход 52-й 
2017-05-31 14:17:28,405 [ INFO] - Undead Hunter3 пронзил стрелой Elf WARRIOR3 урон: 4
2017-05-31 14:17:28,405 [ INFO] - Ход 53-й 
2017-05-31 14:17:28,405 [ INFO] - Undead Zombie3 атаковал копьем Elf WARRIOR3 урон: 18
2017-05-31 14:17:28,405 [ INFO] - Ход 54-й 
2017-05-31 14:17:28,405 [ INFO] - Undead Zombie1 атаковал копьем Elf ARCHER1 урон: 18
2017-05-31 14:17:28,405 [ INFO] - Ход 55-й 
2017-05-31 14:17:28,405 [ INFO] - Undead Hunter1 пронзил стрелой Elf WARRIOR3 урон: 4
2017-05-31 14:17:28,415 [ INFO] - Ход 56-й 
2017-05-31 14:17:28,415 [ INFO] - Undead Zombie4 атаковал копьем Elf MAG урон: 18
2017-05-31 14:17:28,415 [ INFO] - ======================================================
2017-05-31 14:17:28,415 [ INFO] - Атака 8-я. Атакует отряд ELVES
2017-05-31 14:17:28,415 [ INFO] - ======================================================
2017-05-31 14:17:28,415 [ INFO] - Ход 57-й 
2017-05-31 14:17:28,415 [ INFO] - Elf WARRIOR3 атаковал мечом Undead Hunter3 урон: 15
2017-05-31 14:17:28,415 [ INFO] - Ход 58-й 
2017-05-31 14:17:28,415 [ INFO] - Elf ARCHER2 атаковал Undead Zombie3 урон: 3
2017-05-31 14:17:28,415 [ INFO] - Ход 59-й 
2017-05-31 14:17:28,415 [ INFO] - Elf WARRIOR1 атаковал мечом Undead Zombie4 урон: 15
2017-05-31 14:17:28,415 [ INFO] - Ход 60-й 
2017-05-31 14:17:28,415 [ INFO] - Elf ARCHER3 пронзил стрелой Undead Necromancer урон: 7
2017-05-31 14:17:28,415 [ INFO] - Ход 61-й 
2017-05-31 14:17:28,415 [ INFO] - Elf WARRIOR4 атаковал мечом Undead Hunter1 урон: 15
2017-05-31 14:17:28,415 [ INFO] - Ход 62-й 
2017-05-31 14:17:28,415 [ INFO] - Elf WARRIOR2 атаковал мечом Undead Zombie2 урон: 15
2017-05-31 14:17:28,415 [ INFO] - Ход 63-й 
2017-05-31 14:17:28,415 [ INFO] - Elf MAG атаковал магией Undead Necromancer урон: 5
2017-05-31 14:17:28,415 [ INFO] - Ход 64-й 
2017-05-31 14:17:28,415 [ INFO] - Elf ARCHER1 атаковал Undead Zombie2 урон: 3
2017-05-31 14:17:28,415 [ INFO] - ======================================================
2017-05-31 14:17:28,415 [ INFO] - Атака 9-я. Атакует отряд UNDEAD
2017-05-31 14:17:28,415 [ INFO] - ======================================================
2017-05-31 14:17:28,415 [ INFO] - Ход 65-й 
2017-05-31 14:17:28,415 [ INFO] - Undead Zombie1 атаковал копьем Elf WARRIOR3 урон: 18
2017-05-31 14:17:28,415 [ INFO] - Ход 66-й 
2017-05-31 14:17:28,415 [ INFO] - Undead Hunter3 атаковал Elf WARRIOR3 урон: 2
2017-05-31 14:17:28,415 [ INFO] - Ход 67-й 
2017-05-31 14:17:28,415 [ INFO] - Undead Zombie3 атаковал копьем Elf WARRIOR2 урон: 18
2017-05-31 14:17:28,415 [ INFO] - Ход 68-й 
2017-05-31 14:17:28,415 [ INFO] - Undead Hunter1 атаковал Elf WARRIOR4 урон: 2
2017-05-31 14:17:28,415 [ INFO] - Ход 69-й 
2017-05-31 14:17:28,415 [ INFO] - Undead Zombie2 атаковал копьем Elf WARRIOR1 урон: 18
2017-05-31 14:17:28,415 [ INFO] - Ход 70-й 
2017-05-31 14:17:28,415 [ INFO] - Undead Hunter2 пронзил стрелой Elf ARCHER2 урон: 4
2017-05-31 14:17:28,415 [ INFO] - Ход 71-й 
2017-05-31 14:17:28,415 [ INFO] - Undead Zombie4 атаковал копьем Elf MAG урон: 18
2017-05-31 14:17:28,415 [ INFO] - Ход 72-й 
2017-05-31 14:17:28,415 [ INFO] - Undead Necromancer наслал недуг на Elf WARRIOR4
2017-05-31 14:17:28,415 [ INFO] - ======================================================
2017-05-31 14:17:28,415 [ INFO] - Атака 10-я. Атакует отряд ELVES
2017-05-31 14:17:28,415 [ INFO] - ======================================================
2017-05-31 14:17:28,415 [ INFO] - Ход 73-й 
2017-05-31 14:17:28,415 [ INFO] - Elf MAG улучшил Elf WARRIOR2
2017-05-31 14:17:28,415 [ INFO] - Ход 74-й 
2017-05-31 14:17:28,415 [ INFO] - Elf WARRIOR2 атаковал мечом Undead Hunter1 урон: 22
2017-05-31 14:17:28,415 [ INFO] - Ход 75-й 
2017-05-31 14:17:28,415 [ INFO] - Elf WARRIOR1 атаковал мечом Undead Zombie3 урон: 15
2017-05-31 14:17:28,415 [ INFO] - Ход 76-й 
2017-05-31 14:17:28,415 [ INFO] - Elf WARRIOR3 атаковал мечом Undead Zombie3 урон: 15
2017-05-31 14:17:28,415 [ INFO] - Ход 77-й 
2017-05-31 14:17:28,415 [ INFO] - Elf ARCHER3 атаковал Undead Zombie2 урон: 3
2017-05-31 14:17:28,415 [ INFO] - Ход 78-й 
2017-05-31 14:17:28,415 [ INFO] - Elf WARRIOR4 атаковал мечом Undead Necromancer урон: 7
2017-05-31 14:17:28,415 [ INFO] - Ход 79-й 
2017-05-31 14:17:28,415 [ INFO] - Elf ARCHER2 пронзил стрелой Undead Zombie2 урон: 7
2017-05-31 14:17:28,415 [ INFO] - Ход 80-й 
2017-05-31 14:17:28,415 [ INFO] - Elf ARCHER1 атаковал Undead Zombie2 урон: 3
2017-05-31 14:17:28,415 [ INFO] - ======================================================
2017-05-31 14:17:28,425 [ INFO] - Атака 11-я. Атакует отряд UNDEAD
2017-05-31 14:17:28,425 [ INFO] - ======================================================
2017-05-31 14:17:28,425 [ INFO] - Ход 81-й 
2017-05-31 14:17:28,425 [ INFO] - Undead Zombie2 атаковал копьем Elf WARRIOR4 урон: 18
2017-05-31 14:17:28,425 [ INFO] - Ход 82-й 
2017-05-31 14:17:28,425 [ INFO] - Undead Zombie4 атаковал копьем Elf WARRIOR1 урон: 18
2017-05-31 14:17:28,425 [ INFO] - Ход 83-й 
2017-05-31 14:17:28,425 [ INFO] - Undead Hunter3 пронзил стрелой Elf WARRIOR4 урон: 4
2017-05-31 14:17:28,425 [ INFO] - Ход 84-й 
2017-05-31 14:17:28,425 [ INFO] - Undead Zombie3 атаковал копьем Elf WARRIOR2 урон: 18
2017-05-31 14:17:28,425 [ INFO] - Ход 85-й 
2017-05-31 14:17:28,425 [ INFO] - Undead Necromancer атаковал магией Elf WARRIOR1 урон: 5
2017-05-31 14:17:28,425 [ INFO] - Ход 86-й 
2017-05-31 14:17:28,425 [ INFO] - Undead Hunter1 атаковал Elf WARRIOR3 урон: 2
2017-05-31 14:17:28,425 [ INFO] - Ход 87-й 
2017-05-31 14:17:28,425 [ INFO] - Undead Zombie1 атаковал копьем Elf ARCHER1 урон: 18. Elf ARCHER1 убит.
2017-05-31 14:17:28,425 [ INFO] - Ход 88-й 
2017-05-31 14:17:28,425 [ INFO] - Undead Hunter2 пронзил стрелой Elf ARCHER3 урон: 4
2017-05-31 14:17:28,425 [ INFO] - ======================================================
2017-05-31 14:17:28,425 [ INFO] - Атака 12-я. Атакует отряд ELVES
2017-05-31 14:17:28,425 [ INFO] - ======================================================
2017-05-31 14:17:28,425 [ INFO] - Ход 89-й 
2017-05-31 14:17:28,425 [ INFO] - Elf WARRIOR2 атаковал мечом Undead Zombie2 урон: 15. Undead Zombie2 убит.
2017-05-31 14:17:28,425 [ INFO] - Ход 90-й 
2017-05-31 14:17:28,425 [ INFO] - Elf WARRIOR1 атаковал мечом Undead Hunter1 урон: 15
2017-05-31 14:17:28,425 [ INFO] - Ход 91-й 
2017-05-31 14:17:28,425 [ INFO] - Elf WARRIOR4 атаковал мечом Undead Zombie3 урон: 15. Undead Zombie3 убит.
2017-05-31 14:17:28,425 [ INFO] - Ход 92-й 
2017-05-31 14:17:28,425 [ INFO] - Elf MAG улучшил Elf WARRIOR2
2017-05-31 14:17:28,425 [ INFO] - Ход 93-й 
2017-05-31 14:17:28,425 [ INFO] - Elf WARRIOR3 атаковал мечом Undead Necromancer урон: 15
2017-05-31 14:17:28,425 [ INFO] - Ход 94-й 
2017-05-31 14:17:28,425 [ INFO] - Elf ARCHER3 пронзил стрелой Undead Necromancer урон: 7
2017-05-31 14:17:28,425 [ INFO] - Ход 95-й 
2017-05-31 14:17:28,425 [ INFO] - Elf ARCHER2 атаковал Undead Necromancer урон: 3
2017-05-31 14:17:28,425 [ INFO] - ======================================================
2017-05-31 14:17:28,425 [ INFO] - Атака 13-я. Атакует отряд UNDEAD
2017-05-31 14:17:28,425 [ INFO] - ======================================================
2017-05-31 14:17:28,425 [ INFO] - Ход 96-й 
2017-05-31 14:17:28,425 [ INFO] - Undead Necromancer атаковал магией Elf WARRIOR3 урон: 5. Elf WARRIOR3 убит.
2017-05-31 14:17:28,425 [ INFO] - Ход 97-й 
2017-05-31 14:17:28,425 [ INFO] - Undead Zombie4 атаковал копьем Elf WARRIOR2 урон: 18
2017-05-31 14:17:28,425 [ INFO] - Ход 98-й 
2017-05-31 14:17:28,425 [ INFO] - Undead Hunter1 атаковал Elf ARCHER2 урон: 2
2017-05-31 14:17:28,425 [ INFO] - Ход 99-й 
2017-05-31 14:17:28,425 [ INFO] - Undead Hunter2 пронзил стрелой Elf WARRIOR4 урон: 4
2017-05-31 14:17:28,425 [ INFO] - Ход 100-й 
2017-05-31 14:17:28,425 [ INFO] - Undead Hunter3 пронзил стрелой Elf MAG урон: 4
2017-05-31 14:17:28,425 [ INFO] - Ход 101-й 
2017-05-31 14:17:28,425 [ INFO] - Undead Zombie1 атаковал копьем Elf ARCHER3 урон: 18
2017-05-31 14:17:28,425 [ INFO] - ======================================================
2017-05-31 14:17:28,425 [ INFO] - Атака 14-я. Атакует отряд ELVES
2017-05-31 14:17:28,425 [ INFO] - ======================================================
2017-05-31 14:17:28,425 [ INFO] - Ход 102-й 
2017-05-31 14:17:28,425 [ INFO] - Elf WARRIOR2 атаковал мечом Undead Hunter3 урон: 22
2017-05-31 14:17:28,425 [ INFO] - Ход 103-й 
2017-05-31 14:17:28,435 [ INFO] - Elf WARRIOR4 атаковал мечом Undead Zombie1 урон: 15
2017-05-31 14:17:28,435 [ INFO] - Ход 104-й 
2017-05-31 14:17:28,435 [ INFO] - Elf ARCHER2 пронзил стрелой Undead Zombie1 урон: 7
2017-05-31 14:17:28,435 [ INFO] - Ход 105-й 
2017-05-31 14:17:28,435 [ INFO] - Elf ARCHER3 пронзил стрелой Undead Hunter2 урон: 7
2017-05-31 14:17:28,435 [ INFO] - Ход 106-й 
2017-05-31 14:17:28,435 [ INFO] - Elf WARRIOR1 атаковал мечом Undead Zombie4 урон: 15
2017-05-31 14:17:28,435 [ INFO] - Ход 107-й 
2017-05-31 14:17:28,435 [ INFO] - Elf MAG улучшил Elf ARCHER3
2017-05-31 14:17:28,435 [ INFO] - ======================================================
2017-05-31 14:17:28,435 [ INFO] - Атака 15-я. Атакует отряд UNDEAD
2017-05-31 14:17:28,435 [ INFO] - ======================================================
2017-05-31 14:17:28,435 [ INFO] - Ход 108-й 
2017-05-31 14:17:28,435 [ INFO] - Undead Hunter1 пронзил стрелой Elf ARCHER3 урон: 4
2017-05-31 14:17:28,435 [ INFO] - Ход 109-й 
2017-05-31 14:17:28,435 [ INFO] - Undead Necromancer атаковал магией Elf ARCHER3 урон: 5
2017-05-31 14:17:28,435 [ INFO] - Ход 110-й 
2017-05-31 14:17:28,435 [ INFO] - Undead Zombie4 атаковал копьем Elf ARCHER2 урон: 18
2017-05-31 14:17:28,435 [ INFO] - Ход 111-й 
2017-05-31 14:17:28,435 [ INFO] - Undead Hunter3 атаковал Elf WARRIOR1 урон: 2
2017-05-31 14:17:28,435 [ INFO] - Ход 112-й 
2017-05-31 14:17:28,435 [ INFO] - Undead Hunter2 пронзил стрелой Elf ARCHER3 урон: 4
2017-05-31 14:17:28,435 [ INFO] - Ход 113-й 
2017-05-31 14:17:28,435 [ INFO] - Undead Zombie1 атаковал копьем Elf WARRIOR4 урон: 18
2017-05-31 14:17:28,435 [ INFO] - ======================================================
2017-05-31 14:17:28,435 [ INFO] - Атака 16-я. Атакует отряд ELVES
2017-05-31 14:17:28,435 [ INFO] - ======================================================
2017-05-31 14:17:28,435 [ INFO] - Ход 114-й 
2017-05-31 14:17:28,435 [ INFO] - Elf ARCHER3 атаковал Undead Zombie4 урон: 4
2017-05-31 14:17:28,435 [ INFO] - Ход 115-й 
2017-05-31 14:17:28,435 [ INFO] - Elf WARRIOR4 атаковал мечом Undead Hunter3 урон: 15
2017-05-31 14:17:28,435 [ INFO] - Ход 116-й 
2017-05-31 14:17:28,435 [ INFO] - Elf WARRIOR1 атаковал мечом Undead Zombie4 урон: 15
2017-05-31 14:17:28,435 [ INFO] - Ход 117-й 
2017-05-31 14:17:28,435 [ INFO] - Elf ARCHER2 атаковал Undead Hunter2 урон: 3
2017-05-31 14:17:28,435 [ INFO] - Ход 118-й 
2017-05-31 14:17:28,435 [ INFO] - Elf MAG улучшил Elf WARRIOR2
2017-05-31 14:17:28,435 [ INFO] - Ход 119-й 
2017-05-31 14:17:28,435 [ INFO] - Elf WARRIOR2 атаковал мечом Undead Zombie1 урон: 22
2017-05-31 14:17:28,435 [ INFO] - ======================================================
2017-05-31 14:17:28,435 [ INFO] - Атака 17-я. Атакует отряд UNDEAD
2017-05-31 14:17:28,435 [ INFO] - ======================================================
2017-05-31 14:17:28,435 [ INFO] - Ход 120-й 
2017-05-31 14:17:28,435 [ INFO] - Undead Hunter2 атаковал Elf WARRIOR2 урон: 2
2017-05-31 14:17:28,435 [ INFO] - Ход 121-й 
2017-05-31 14:17:28,435 [ INFO] - Undead Zombie4 атаковал копьем Elf WARRIOR1 урон: 18. Elf WARRIOR1 убит.
2017-05-31 14:17:28,435 [ INFO] - Ход 122-й 
2017-05-31 14:17:28,435 [ INFO] - Undead Zombie1 атаковал копьем Elf WARRIOR2 урон: 18
2017-05-31 14:17:28,435 [ INFO] - Ход 123-й 
2017-05-31 14:17:28,435 [ INFO] - Undead Necromancer атаковал магией Elf WARRIOR2 урон: 5
2017-05-31 14:17:28,435 [ INFO] - Ход 124-й 
2017-05-31 14:17:28,435 [ INFO] - Undead Hunter3 атаковал Elf WARRIOR2 урон: 2. Elf WARRIOR2 убит.
2017-05-31 14:17:28,435 [ INFO] - Ход 125-й 
2017-05-31 14:17:28,435 [ INFO] - Undead Hunter1 атаковал Elf ARCHER3 урон: 2
2017-05-31 14:17:28,435 [ INFO] - ======================================================
2017-05-31 14:17:28,435 [ INFO] - Атака 18-я. Атакует отряд ELVES
2017-05-31 14:17:28,435 [ INFO] - ======================================================
2017-05-31 14:17:28,435 [ INFO] - Ход 126-й 
2017-05-31 14:17:28,435 [ INFO] - Elf ARCHER3 атаковал Undead Zombie4 урон: 3
2017-05-31 14:17:28,435 [ INFO] - Ход 127-й 
2017-05-31 14:17:28,435 [ INFO] - Elf ARCHER2 пронзил стрелой Undead Hunter1 урон: 7
2017-05-31 14:17:28,435 [ INFO] - Ход 128-й 
2017-05-31 14:17:28,435 [ INFO] - Elf WARRIOR4 атаковал мечом Undead Hunter3 урон: 15
2017-05-31 14:17:28,435 [ INFO] - Ход 129-й 
2017-05-31 14:17:28,435 [ INFO] - Elf MAG улучшил Elf ARCHER2
2017-05-31 14:17:28,435 [ INFO] - ======================================================
2017-05-31 14:17:28,435 [ INFO] - Атака 19-я. Атакует отряд UNDEAD
2017-05-31 14:17:28,435 [ INFO] - ======================================================
2017-05-31 14:17:28,435 [ INFO] - Ход 130-й 
2017-05-31 14:17:28,435 [ INFO] - Undead Zombie4 атаковал копьем Elf ARCHER2 урон: 18
2017-05-31 14:17:28,435 [ INFO] - Ход 131-й 
2017-05-31 14:17:28,435 [ INFO] - Undead Hunter3 атаковал Elf ARCHER2 урон: 2
2017-05-31 14:17:28,435 [ INFO] - Ход 132-й 
2017-05-31 14:17:28,435 [ INFO] - Undead Necromancer наслал недуг на Elf ARCHER2
2017-05-31 14:17:28,435 [ INFO] - Ход 133-й 
2017-05-31 14:17:28,435 [ INFO] - Undead Zombie1 атаковал копьем Elf ARCHER3 урон: 18
2017-05-31 14:17:28,435 [ INFO] - Ход 134-й 
2017-05-31 14:17:28,435 [ INFO] - Undead Hunter2 пронзил стрелой Elf WARRIOR4 урон: 4
2017-05-31 14:17:28,435 [ INFO] - Ход 135-й 
2017-05-31 14:17:28,435 [ INFO] - Undead Hunter1 атаковал Elf ARCHER2 урон: 2
2017-05-31 14:17:28,435 [ INFO] - ======================================================
2017-05-31 14:17:28,435 [ INFO] - Атака 20-я. Атакует отряд ELVES
2017-05-31 14:17:28,435 [ INFO] - ======================================================
2017-05-31 14:17:28,435 [ INFO] - Ход 136-й 
2017-05-31 14:17:28,435 [ INFO] - Elf ARCHER2 атаковал Undead Hunter2 урон: 2
2017-05-31 14:17:28,435 [ INFO] - Ход 137-й 
2017-05-31 14:17:28,435 [ INFO] - Elf ARCHER3 пронзил стрелой Undead Necromancer урон: 7
2017-05-31 14:17:28,435 [ INFO] - Ход 138-й 
2017-05-31 14:17:28,435 [ INFO] - Elf MAG улучшил Elf WARRIOR4
2017-05-31 14:17:28,435 [ INFO] - Ход 139-й 
2017-05-31 14:17:28,435 [ INFO] - Elf WARRIOR4 атаковал мечом Undead Zombie1 урон: 22
2017-05-31 14:17:28,435 [ INFO] - ======================================================
2017-05-31 14:17:28,435 [ INFO] - Атака 21-я. Атакует отряд UNDEAD
2017-05-31 14:17:28,435 [ INFO] - ======================================================
2017-05-31 14:17:28,445 [ INFO] - Ход 140-й 
2017-05-31 14:17:28,445 [ INFO] - Undead Zombie1 атаковал копьем Elf WARRIOR4 урон: 18
2017-05-31 14:17:28,445 [ INFO] - Ход 141-й 
2017-05-31 14:17:28,445 [ INFO] - Undead Hunter2 атаковал Elf ARCHER3 урон: 2
2017-05-31 14:17:28,445 [ INFO] - Ход 142-й 
2017-05-31 14:17:28,445 [ INFO] - Undead Zombie4 атаковал копьем Elf WARRIOR4 урон: 18. Elf WARRIOR4 убит.
2017-05-31 14:17:28,445 [ INFO] - Ход 143-й 
2017-05-31 14:17:28,445 [ INFO] - Undead Hunter1 пронзил стрелой Elf ARCHER3 урон: 4
2017-05-31 14:17:28,445 [ INFO] - Ход 144-й 
2017-05-31 14:17:28,445 [ INFO] - Undead Necromancer наслал недуг на Elf ARCHER2
2017-05-31 14:17:28,445 [ INFO] - Ход 145-й 
2017-05-31 14:17:28,445 [ INFO] - Undead Hunter3 атаковал Elf MAG урон: 2
2017-05-31 14:17:28,445 [ INFO] - ======================================================
2017-05-31 14:17:28,445 [ INFO] - Атака 22-я. Атакует отряд ELVES
2017-05-31 14:17:28,445 [ INFO] - ======================================================
2017-05-31 14:17:28,445 [ INFO] - Ход 146-й 
2017-05-31 14:17:28,445 [ INFO] - Elf ARCHER3 пронзил стрелой Undead Zombie4 урон: 7
2017-05-31 14:17:28,445 [ INFO] - Ход 147-й 
2017-05-31 14:17:28,445 [ INFO] - Elf MAG атаковал магией Undead Hunter2 урон: 10
2017-05-31 14:17:28,445 [ INFO] - Ход 148-й 
2017-05-31 14:17:28,445 [ INFO] - Elf ARCHER2 пронзил стрелой Undead Necromancer урон: 3
2017-05-31 14:17:28,445 [ INFO] - ======================================================
2017-05-31 14:17:28,445 [ INFO] - Атака 23-я. Атакует отряд UNDEAD
2017-05-31 14:17:28,445 [ INFO] - ======================================================
2017-05-31 14:17:28,445 [ INFO] - Ход 149-й 
2017-05-31 14:17:28,445 [ INFO] - Undead Hunter1 пронзил стрелой Elf MAG урон: 4
2017-05-31 14:17:28,445 [ INFO] - Ход 150-й 
2017-05-31 14:17:28,445 [ INFO] - Undead Zombie4 атаковал копьем Elf ARCHER2 урон: 18
2017-05-31 14:17:28,445 [ INFO] - Ход 151-й 
2017-05-31 14:17:28,445 [ INFO] - Undead Zombie1 атаковал копьем Elf MAG урон: 18
2017-05-31 14:17:28,445 [ INFO] - Ход 152-й 
2017-05-31 14:17:28,445 [ INFO] - Undead Hunter3 атаковал Elf MAG урон: 2
2017-05-31 14:17:28,445 [ INFO] - Ход 153-й 
2017-05-31 14:17:28,445 [ INFO] - Undead Hunter2 пронзил стрелой Elf MAG урон: 4
2017-05-31 14:17:28,445 [ INFO] - Ход 154-й 
2017-05-31 14:17:28,445 [ INFO] - Undead Necromancer атаковал магией Elf MAG урон: 5
2017-05-31 14:17:28,445 [ INFO] - ======================================================
2017-05-31 14:17:28,445 [ INFO] - Атака 24-я. Атакует отряд ELVES
2017-05-31 14:17:28,445 [ INFO] - ======================================================
2017-05-31 14:17:28,445 [ INFO] - Ход 155-й 
2017-05-31 14:17:28,445 [ INFO] - Elf ARCHER3 атаковал Undead Zombie4 урон: 3
2017-05-31 14:17:28,445 [ INFO] - Ход 156-й 
2017-05-31 14:17:28,445 [ INFO] - Elf MAG улучшил Elf ARCHER3
2017-05-31 14:17:28,445 [ INFO] - Ход 157-й 
2017-05-31 14:17:28,445 [ INFO] - Elf ARCHER2 пронзил стрелой Undead Hunter2 урон: 7
2017-05-31 14:17:28,445 [ INFO] - ======================================================
2017-05-31 14:17:28,445 [ INFO] - Атака 25-я. Атакует отряд UNDEAD
2017-05-31 14:17:28,445 [ INFO] - ======================================================
2017-05-31 14:17:28,445 [ INFO] - Ход 158-й 
2017-05-31 14:17:28,445 [ INFO] - Undead Zombie4 атаковал копьем Elf MAG урон: 18
2017-05-31 14:17:28,445 [ INFO] - Ход 159-й 
2017-05-31 14:17:28,445 [ INFO] - Undead Hunter2 пронзил стрелой Elf ARCHER3 урон: 4. Elf ARCHER3 убит.
2017-05-31 14:17:28,445 [ INFO] - Ход 160-й 
2017-05-31 14:17:28,445 [ INFO] - Undead Zombie1 атаковал копьем Elf ARCHER2 урон: 18
2017-05-31 14:17:28,445 [ INFO] - Ход 161-й 
2017-05-31 14:17:28,445 [ INFO] - Undead Hunter3 пронзил стрелой Elf MAG урон: 4
2017-05-31 14:17:28,445 [ INFO] - Ход 162-й 
2017-05-31 14:17:28,445 [ INFO] - Undead Hunter1 атаковал Elf ARCHER2 урон: 2
2017-05-31 14:17:28,445 [ INFO] - Ход 163-й 
2017-05-31 14:17:28,445 [ INFO] - Undead Necromancer атаковал магией Elf MAG урон: 5. Elf MAG убит.
2017-05-31 14:17:28,445 [ INFO] - ======================================================
2017-05-31 14:17:28,445 [ INFO] - Атака 26-я. Атакует отряд ELVES
2017-05-31 14:17:28,475 [ INFO] - ======================================================
2017-05-31 14:17:28,475 [ INFO] - Ход 164-й 
2017-05-31 14:17:28,475 [ INFO] - Elf ARCHER2 пронзил стрелой Undead Zombie1 урон: 7
2017-05-31 14:17:28,475 [ INFO] - ======================================================
2017-05-31 14:17:28,475 [ INFO] - Атака 27-я. Атакует отряд UNDEAD
2017-05-31 14:17:28,475 [ INFO] - ======================================================
2017-05-31 14:17:28,475 [ INFO] - Ход 165-й 
2017-05-31 14:17:28,475 [ INFO] - Undead Hunter2 пронзил стрелой Elf ARCHER2 урон: 4
2017-05-31 14:17:28,475 [ INFO] - Ход 166-й 
2017-05-31 14:17:28,475 [ INFO] - Undead Hunter3 атаковал Elf ARCHER2 урон: 2
2017-05-31 14:17:28,475 [ INFO] - Ход 167-й 
2017-05-31 14:17:28,475 [ INFO] - Undead Zombie1 атаковал копьем Elf ARCHER2 урон: 18. Elf ARCHER2 убит.
2017-05-31 14:17:28,475 [ INFO] - ======================================================
2017-05-31 14:17:28,475 [ INFO] - Бой окончен!
2017-05-31 14:17:28,475 [ INFO] - Победили UNDEAD
2017-05-31 14:17:28,475 [ INFO] - ======================================================
2017-05-31 14:17:28,475 [ INFO] - Статистика боя:
2017-05-31 14:17:28,475 [ INFO] - ======================================================
2017-05-31 14:17:28,475 [ INFO] - Кол-во совершонных атак: 27
2017-05-31 14:17:28,475 [ INFO] - Кол-во совершонных атак отрядом ELVES : 13
2017-05-31 14:17:28,475 [ INFO] - Кол-во совершонных атак отрядом UNDEAD : 14
2017-05-31 14:17:28,475 [ INFO] - ======================================================
2017-05-31 14:17:28,475 [ INFO] - Кол-во совершонных ходов: 167
2017-05-31 14:17:28,475 [ INFO] - Кол-во ходов отрядом ELVES : 74
2017-05-31 14:17:28,475 [ INFO] - Кол-во ходов отрядом UNDEAD : 93
2017-05-31 14:17:28,475 [ INFO] - ======================================================
